host: saas-de-qiysss-proj1-d535-5969dc4d5d-hjfxc
Building DAG of jobs...
Using shell: /usr/bin/bash
Provided cores: 112
Rules claiming more threads will be scaled down.
Job stats:
job                                    count
-----------------------------------  -------
all                                        1
combine_runs                               9
combined_select_sites                      2
cutadapt_SE                                3
dedup_mapping                              6
extract_unmap_bam_final_SE                 3
extract_unmap_bam_internal_SE              9
group_pileup                               4
hisat2_3n_calling_filtered_multi           6
hisat2_3n_calling_filtered_unqiue          6
hisat2_3n_calling_unfiltered_multi         6
hisat2_3n_calling_unfiltered_unique        6
hisat2_3n_filtering                        6
hisat2_3n_mapping_contamination_SE         3
hisat2_3n_mapping_genes_SE                 3
hisat2_3n_mapping_genome_SE                3
hisat2_3n_sort                             9
join_pileup                                6
stat_mapping_number                        3
stat_sample_background                     6
total                                    100

Select jobs to execute...
Execute 3 jobs...

[Tue Jan 28 11:07:08 2025]
localrule cutadapt_SE:
    input: ../data/SRR23538291_1.fastq.gz
    output: .tmp/cut_adapter_SE/DRUG-rep1_run1_R1.fq.gz, internal_files/discarded_reads/DRUG-rep1_run1_R1.tooshort.fq.gz, internal_files/discarded_reads/DRUG-rep1_run1_R1.untrimmed.fq.gz
    jobid: 18
    reason: Missing output files: .tmp/cut_adapter_SE/DRUG-rep1_run1_R1.fq.gz
    wildcards: sample=DRUG-rep1, rn=run1
    threads: 20
    resources: tmpdir=/tmp


[Tue Jan 28 11:07:08 2025]
localrule cutadapt_SE:
    input: ../data/SRR23538290_1.fastq.gz
    output: .tmp/cut_adapter_SE/CONTROL-rep1_run1_R1.fq.gz, internal_files/discarded_reads/CONTROL-rep1_run1_R1.tooshort.fq.gz, internal_files/discarded_reads/CONTROL-rep1_run1_R1.untrimmed.fq.gz
    jobid: 5
    reason: Missing output files: .tmp/cut_adapter_SE/CONTROL-rep1_run1_R1.fq.gz
    wildcards: sample=CONTROL-rep1, rn=run1
    threads: 20
    resources: tmpdir=/tmp


[Tue Jan 28 11:07:08 2025]
localrule cutadapt_SE:
    input: ../data/SRR23538292_1.fastq.gz
    output: .tmp/cut_adapter_SE/DRUG-rep2_run1_R1.fq.gz, internal_files/discarded_reads/DRUG-rep2_run1_R1.tooshort.fq.gz, internal_files/discarded_reads/DRUG-rep2_run1_R1.untrimmed.fq.gz
    jobid: 31
    reason: Missing output files: .tmp/cut_adapter_SE/DRUG-rep2_run1_R1.fq.gz
    wildcards: sample=DRUG-rep2, rn=run1
    threads: 20
    resources: tmpdir=/tmp

[Tue Jan 28 11:10:06 2025]
Finished job 5.
1 of 100 steps (1%) done
Select jobs to execute...
Execute 1 jobs...

[Tue Jan 28 11:10:06 2025]
localrule hisat2_3n_mapping_contamination_SE:
    input: .tmp/cut_adapter_SE/CONTROL-rep1_run1_R1.fq.gz
    output: .tmp/mapping_unsorted_SE/CONTROL-rep1_run1.contamination.bam, .tmp/mapping_discarded_SE/CONTROL-rep1_run1.contamination.bam, report_reads/mapping/CONTROL-rep1_run1.contamination.summary
    jobid: 4
    reason: Missing output files: .tmp/mapping_unsorted_SE/CONTROL-rep1_run1.contamination.bam, .tmp/mapping_discarded_SE/CONTROL-rep1_run1.contamination.bam; Input files updated by another job: .tmp/cut_adapter_SE/CONTROL-rep1_run1_R1.fq.gz
    wildcards: sample=CONTROL-rep1, rn=run1
    threads: 24
    resources: tmpdir=/tmp

[Tue Jan 28 11:10:43 2025]
Finished job 31.
2 of 100 steps (2%) done
Select jobs to execute...
Execute 1 jobs...

[Tue Jan 28 11:10:43 2025]
localrule hisat2_3n_mapping_contamination_SE:
    input: .tmp/cut_adapter_SE/DRUG-rep2_run1_R1.fq.gz
    output: .tmp/mapping_unsorted_SE/DRUG-rep2_run1.contamination.bam, .tmp/mapping_discarded_SE/DRUG-rep2_run1.contamination.bam, report_reads/mapping/DRUG-rep2_run1.contamination.summary
    jobid: 30
    reason: Missing output files: .tmp/mapping_discarded_SE/DRUG-rep2_run1.contamination.bam, .tmp/mapping_unsorted_SE/DRUG-rep2_run1.contamination.bam; Input files updated by another job: .tmp/cut_adapter_SE/DRUG-rep2_run1_R1.fq.gz
    wildcards: sample=DRUG-rep2, rn=run1
    threads: 24
    resources: tmpdir=/tmp

[Tue Jan 28 11:11:27 2025]
Finished job 18.
3 of 100 steps (3%) done
Select jobs to execute...
Execute 1 jobs...

[Tue Jan 28 11:11:27 2025]
localrule hisat2_3n_mapping_contamination_SE:
    input: .tmp/cut_adapter_SE/DRUG-rep1_run1_R1.fq.gz
    output: .tmp/mapping_unsorted_SE/DRUG-rep1_run1.contamination.bam, .tmp/mapping_discarded_SE/DRUG-rep1_run1.contamination.bam, report_reads/mapping/DRUG-rep1_run1.contamination.summary
    jobid: 17
    reason: Missing output files: .tmp/mapping_unsorted_SE/DRUG-rep1_run1.contamination.bam, .tmp/mapping_discarded_SE/DRUG-rep1_run1.contamination.bam; Input files updated by another job: .tmp/cut_adapter_SE/DRUG-rep1_run1_R1.fq.gz
    wildcards: sample=DRUG-rep1, rn=run1
    threads: 24
    resources: tmpdir=/tmp

[Tue Jan 28 11:17:24 2025]
Finished job 4.
4 of 100 steps (4%) done
Removing temporary output .tmp/cut_adapter_SE/CONTROL-rep1_run1_R1.fq.gz.
Select jobs to execute...
Execute 2 jobs...

[Tue Jan 28 11:17:24 2025]
localrule hisat2_3n_sort:
    input: .tmp/mapping_unsorted_SE/CONTROL-rep1_run1.contamination.bam
    output: internal_files/run_sorted/CONTROL-rep1_run1.contamination.bam
    jobid: 3
    reason: Missing output files: internal_files/run_sorted/CONTROL-rep1_run1.contamination.bam; Input files updated by another job: .tmp/mapping_unsorted_SE/CONTROL-rep1_run1.contamination.bam
    wildcards: sample=CONTROL-rep1, rn=run1, ref=contamination
    threads: 16
    resources: tmpdir=/tmp


[Tue Jan 28 11:17:24 2025]
localrule extract_unmap_bam_internal_SE:
    input: .tmp/mapping_discarded_SE/CONTROL-rep1_run1.contamination.bam
    output: .tmp/unmapped_internal_SE/CONTROL-rep1_run1_R1.contamination.fq.gz
    jobid: 9
    reason: Missing output files: .tmp/unmapped_internal_SE/CONTROL-rep1_run1_R1.contamination.fq.gz; Input files updated by another job: .tmp/mapping_discarded_SE/CONTROL-rep1_run1.contamination.bam
    wildcards: sample=CONTROL-rep1, rn=run1, reftype=contamination
    threads: 4
    resources: tmpdir=/tmp

[Tue Jan 28 11:17:24 2025]
Finished job 3.
5 of 100 steps (5%) done
Removing temporary output .tmp/mapping_unsorted_SE/CONTROL-rep1_run1.contamination.bam.
Select jobs to execute...
Execute 1 jobs...

[Tue Jan 28 11:17:24 2025]
localrule combine_runs:
    input: internal_files/run_sorted/CONTROL-rep1_run1.contamination.bam
    output: .tmp/combined_mapping/CONTROL-rep1.contamination.bam
    jobid: 2
    reason: Missing output files: .tmp/combined_mapping/CONTROL-rep1.contamination.bam; Input files updated by another job: internal_files/run_sorted/CONTROL-rep1_run1.contamination.bam
    wildcards: sample=CONTROL-rep1, ref=contamination
    threads: 8
    resources: tmpdir=/tmp

[Tue Jan 28 11:17:24 2025]
Finished job 2.
6 of 100 steps (6%) done
[Tue Jan 28 11:18:01 2025]
Finished job 9.
7 of 100 steps (7%) done
Removing temporary output .tmp/mapping_discarded_SE/CONTROL-rep1_run1.contamination.bam.
Select jobs to execute...
Execute 1 jobs...

[Tue Jan 28 11:18:01 2025]
localrule hisat2_3n_mapping_genes_SE:
    input: .tmp/unmapped_internal_SE/CONTROL-rep1_run1_R1.contamination.fq.gz
    output: .tmp/mapping_unsorted_SE/CONTROL-rep1_run1.genes.bam, .tmp/mapping_discarded_SE/CONTROL-rep1_run1.genes.bam, report_reads/mapping/CONTROL-rep1_run1.genes.summary
    jobid: 8
    reason: Missing output files: .tmp/mapping_unsorted_SE/CONTROL-rep1_run1.genes.bam, .tmp/mapping_discarded_SE/CONTROL-rep1_run1.genes.bam; Input files updated by another job: .tmp/unmapped_internal_SE/CONTROL-rep1_run1_R1.contamination.fq.gz
    wildcards: sample=CONTROL-rep1, rn=run1
    threads: 35
    resources: tmpdir=/tmp

[Tue Jan 28 11:18:28 2025]
Finished job 30.
8 of 100 steps (8%) done
Removing temporary output .tmp/cut_adapter_SE/DRUG-rep2_run1_R1.fq.gz.
Select jobs to execute...
Execute 2 jobs...

[Tue Jan 28 11:18:29 2025]
localrule hisat2_3n_sort:
    input: .tmp/mapping_unsorted_SE/DRUG-rep2_run1.contamination.bam
    output: internal_files/run_sorted/DRUG-rep2_run1.contamination.bam
    jobid: 29
    reason: Missing output files: internal_files/run_sorted/DRUG-rep2_run1.contamination.bam; Input files updated by another job: .tmp/mapping_unsorted_SE/DRUG-rep2_run1.contamination.bam
    wildcards: sample=DRUG-rep2, rn=run1, ref=contamination
    threads: 16
    resources: tmpdir=/tmp


[Tue Jan 28 11:18:29 2025]
localrule extract_unmap_bam_internal_SE:
    input: .tmp/mapping_discarded_SE/DRUG-rep2_run1.contamination.bam
    output: .tmp/unmapped_internal_SE/DRUG-rep2_run1_R1.contamination.fq.gz
    jobid: 35
    reason: Missing output files: .tmp/unmapped_internal_SE/DRUG-rep2_run1_R1.contamination.fq.gz; Input files updated by another job: .tmp/mapping_discarded_SE/DRUG-rep2_run1.contamination.bam
    wildcards: sample=DRUG-rep2, rn=run1, reftype=contamination
    threads: 4
    resources: tmpdir=/tmp

[Tue Jan 28 11:18:29 2025]
Finished job 29.
9 of 100 steps (9%) done
Removing temporary output .tmp/mapping_unsorted_SE/DRUG-rep2_run1.contamination.bam.
Select jobs to execute...
Execute 1 jobs...

[Tue Jan 28 11:18:29 2025]
localrule combine_runs:
    input: internal_files/run_sorted/DRUG-rep2_run1.contamination.bam
    output: .tmp/combined_mapping/DRUG-rep2.contamination.bam
    jobid: 28
    reason: Missing output files: .tmp/combined_mapping/DRUG-rep2.contamination.bam; Input files updated by another job: internal_files/run_sorted/DRUG-rep2_run1.contamination.bam
    wildcards: sample=DRUG-rep2, ref=contamination
    threads: 8
    resources: tmpdir=/tmp

[Tue Jan 28 11:18:29 2025]
Finished job 28.
10 of 100 steps (10%) done
[Tue Jan 28 11:19:25 2025]
Finished job 35.
11 of 100 steps (11%) done
Removing temporary output .tmp/mapping_discarded_SE/DRUG-rep2_run1.contamination.bam.
Select jobs to execute...
Execute 1 jobs...

[Tue Jan 28 11:19:25 2025]
localrule hisat2_3n_mapping_genes_SE:
    input: .tmp/unmapped_internal_SE/DRUG-rep2_run1_R1.contamination.fq.gz
    output: .tmp/mapping_unsorted_SE/DRUG-rep2_run1.genes.bam, .tmp/mapping_discarded_SE/DRUG-rep2_run1.genes.bam, report_reads/mapping/DRUG-rep2_run1.genes.summary
    jobid: 34
    reason: Missing output files: .tmp/mapping_unsorted_SE/DRUG-rep2_run1.genes.bam, .tmp/mapping_discarded_SE/DRUG-rep2_run1.genes.bam; Input files updated by another job: .tmp/unmapped_internal_SE/DRUG-rep2_run1_R1.contamination.fq.gz
    wildcards: sample=DRUG-rep2, rn=run1
    threads: 35
    resources: tmpdir=/tmp

[Tue Jan 28 11:20:32 2025]
Finished job 17.
12 of 100 steps (12%) done
Removing temporary output .tmp/cut_adapter_SE/DRUG-rep1_run1_R1.fq.gz.
Select jobs to execute...
Execute 2 jobs...

[Tue Jan 28 11:20:33 2025]
localrule hisat2_3n_sort:
    input: .tmp/mapping_unsorted_SE/DRUG-rep1_run1.contamination.bam
    output: internal_files/run_sorted/DRUG-rep1_run1.contamination.bam
    jobid: 16
    reason: Missing output files: internal_files/run_sorted/DRUG-rep1_run1.contamination.bam; Input files updated by another job: .tmp/mapping_unsorted_SE/DRUG-rep1_run1.contamination.bam
    wildcards: sample=DRUG-rep1, rn=run1, ref=contamination
    threads: 16
    resources: tmpdir=/tmp


[Tue Jan 28 11:20:33 2025]
localrule extract_unmap_bam_internal_SE:
    input: .tmp/mapping_discarded_SE/DRUG-rep1_run1.contamination.bam
    output: .tmp/unmapped_internal_SE/DRUG-rep1_run1_R1.contamination.fq.gz
    jobid: 22
    reason: Missing output files: .tmp/unmapped_internal_SE/DRUG-rep1_run1_R1.contamination.fq.gz; Input files updated by another job: .tmp/mapping_discarded_SE/DRUG-rep1_run1.contamination.bam
    wildcards: sample=DRUG-rep1, rn=run1, reftype=contamination
    threads: 4
    resources: tmpdir=/tmp

[Tue Jan 28 11:20:33 2025]
Finished job 16.
13 of 100 steps (13%) done
Removing temporary output .tmp/mapping_unsorted_SE/DRUG-rep1_run1.contamination.bam.
Select jobs to execute...
Execute 1 jobs...

[Tue Jan 28 11:20:33 2025]
localrule combine_runs:
    input: internal_files/run_sorted/DRUG-rep1_run1.contamination.bam
    output: .tmp/combined_mapping/DRUG-rep1.contamination.bam
    jobid: 15
    reason: Missing output files: .tmp/combined_mapping/DRUG-rep1.contamination.bam; Input files updated by another job: internal_files/run_sorted/DRUG-rep1_run1.contamination.bam
    wildcards: sample=DRUG-rep1, ref=contamination
    threads: 8
    resources: tmpdir=/tmp

[Tue Jan 28 11:20:33 2025]
Finished job 15.
14 of 100 steps (14%) done
[Tue Jan 28 11:21:37 2025]
Finished job 22.
15 of 100 steps (15%) done
Removing temporary output .tmp/mapping_discarded_SE/DRUG-rep1_run1.contamination.bam.
Select jobs to execute...
Execute 1 jobs...

[Tue Jan 28 11:21:38 2025]
localrule hisat2_3n_mapping_genes_SE:
    input: .tmp/unmapped_internal_SE/DRUG-rep1_run1_R1.contamination.fq.gz
    output: .tmp/mapping_unsorted_SE/DRUG-rep1_run1.genes.bam, .tmp/mapping_discarded_SE/DRUG-rep1_run1.genes.bam, report_reads/mapping/DRUG-rep1_run1.genes.summary
    jobid: 21
    reason: Missing output files: .tmp/mapping_discarded_SE/DRUG-rep1_run1.genes.bam, .tmp/mapping_unsorted_SE/DRUG-rep1_run1.genes.bam; Input files updated by another job: .tmp/unmapped_internal_SE/DRUG-rep1_run1_R1.contamination.fq.gz
    wildcards: sample=DRUG-rep1, rn=run1
    threads: 35
    resources: tmpdir=/tmp

[Tue Jan 28 11:25:33 2025]
Finished job 8.
16 of 100 steps (16%) done
Removing temporary output .tmp/unmapped_internal_SE/CONTROL-rep1_run1_R1.contamination.fq.gz.
Select jobs to execute...
Execute 2 jobs...

[Tue Jan 28 11:25:33 2025]
localrule hisat2_3n_sort:
    input: .tmp/mapping_unsorted_SE/CONTROL-rep1_run1.genes.bam
    output: internal_files/run_sorted/CONTROL-rep1_run1.genes.bam
    jobid: 7
    reason: Missing output files: internal_files/run_sorted/CONTROL-rep1_run1.genes.bam; Input files updated by another job: .tmp/mapping_unsorted_SE/CONTROL-rep1_run1.genes.bam
    wildcards: sample=CONTROL-rep1, rn=run1, ref=genes
    threads: 16
    resources: tmpdir=/tmp


[Tue Jan 28 11:25:33 2025]
localrule extract_unmap_bam_internal_SE:
    input: .tmp/mapping_discarded_SE/CONTROL-rep1_run1.genes.bam
    output: .tmp/unmapped_internal_SE/CONTROL-rep1_run1_R1.genes.fq.gz
    jobid: 13
    reason: Missing output files: .tmp/unmapped_internal_SE/CONTROL-rep1_run1_R1.genes.fq.gz; Input files updated by another job: .tmp/mapping_discarded_SE/CONTROL-rep1_run1.genes.bam
    wildcards: sample=CONTROL-rep1, rn=run1, reftype=genes
    threads: 4
    resources: tmpdir=/tmp

[Tue Jan 28 11:25:54 2025]
Finished job 7.
17 of 100 steps (17%) done
Removing temporary output .tmp/mapping_unsorted_SE/CONTROL-rep1_run1.genes.bam.
Select jobs to execute...
Execute 1 jobs...

[Tue Jan 28 11:25:54 2025]
localrule combine_runs:
    input: internal_files/run_sorted/CONTROL-rep1_run1.genes.bam
    output: .tmp/combined_mapping/CONTROL-rep1.genes.bam
    jobid: 6
    reason: Missing output files: .tmp/combined_mapping/CONTROL-rep1.genes.bam; Input files updated by another job: internal_files/run_sorted/CONTROL-rep1_run1.genes.bam
    wildcards: sample=CONTROL-rep1, ref=genes
    threads: 8
    resources: tmpdir=/tmp

[Tue Jan 28 11:26:05 2025]
Finished job 6.
18 of 100 steps (18%) done
Select jobs to execute...
Execute 1 jobs...

[Tue Jan 28 11:26:05 2025]
localrule dedup_mapping:
    input: .tmp/combined_mapping/CONTROL-rep1.genes.bam
    output: internal_files/aligned_bam/CONTROL-rep1.genes.bam, report_reads/dedup/CONTROL-rep1.genes.log
    jobid: 49
    reason: Missing output files: internal_files/aligned_bam/CONTROL-rep1.genes.bam; Input files updated by another job: .tmp/combined_mapping/CONTROL-rep1.genes.bam
    wildcards: sample=CONTROL-rep1, ref=genes
    threads: 20
    resources: tmpdir=/tmp

[Tue Jan 28 11:26:17 2025]
Finished job 13.
19 of 100 steps (19%) done
Removing temporary output .tmp/mapping_discarded_SE/CONTROL-rep1_run1.genes.bam.
Select jobs to execute...
Waiting for more resources.
[Tue Jan 28 11:28:29 2025]
Finished job 34.
20 of 100 steps (20%) done
Removing temporary output .tmp/unmapped_internal_SE/DRUG-rep2_run1_R1.contamination.fq.gz.
Execute 3 jobs...

[Tue Jan 28 11:28:29 2025]
localrule hisat2_3n_sort:
    input: .tmp/mapping_unsorted_SE/DRUG-rep2_run1.genes.bam
    output: internal_files/run_sorted/DRUG-rep2_run1.genes.bam
    jobid: 33
    reason: Missing output files: internal_files/run_sorted/DRUG-rep2_run1.genes.bam; Input files updated by another job: .tmp/mapping_unsorted_SE/DRUG-rep2_run1.genes.bam
    wildcards: sample=DRUG-rep2, rn=run1, ref=genes
    threads: 16
    resources: tmpdir=/tmp


[Tue Jan 28 11:28:29 2025]
localrule hisat2_3n_mapping_genome_SE:
    input: .tmp/unmapped_internal_SE/CONTROL-rep1_run1_R1.genes.fq.gz
    output: .tmp/mapping_unsorted_SE/CONTROL-rep1_run1.genome.bam, .tmp/mapping_discarded_SE/CONTROL-rep1_run1.genome.bam, report_reads/mapping/CONTROL-rep1_run1.genome.summary
    jobid: 12
    reason: Missing output files: .tmp/mapping_unsorted_SE/CONTROL-rep1_run1.genome.bam, .tmp/mapping_discarded_SE/CONTROL-rep1_run1.genome.bam; Input files updated by another job: .tmp/unmapped_internal_SE/CONTROL-rep1_run1_R1.genes.fq.gz
    wildcards: sample=CONTROL-rep1, rn=run1
    threads: 24
    resources: tmpdir=/tmp


[Tue Jan 28 11:28:29 2025]
localrule extract_unmap_bam_internal_SE:
    input: .tmp/mapping_discarded_SE/DRUG-rep2_run1.genes.bam
    output: .tmp/unmapped_internal_SE/DRUG-rep2_run1_R1.genes.fq.gz
    jobid: 39
    reason: Missing output files: .tmp/unmapped_internal_SE/DRUG-rep2_run1_R1.genes.fq.gz; Input files updated by another job: .tmp/mapping_discarded_SE/DRUG-rep2_run1.genes.bam
    wildcards: sample=DRUG-rep2, rn=run1, reftype=genes
    threads: 4
    resources: tmpdir=/tmp

[Tue Jan 28 11:29:00 2025]
Finished job 33.
21 of 100 steps (21%) done
Removing temporary output .tmp/mapping_unsorted_SE/DRUG-rep2_run1.genes.bam.
Select jobs to execute...
Execute 1 jobs...

[Tue Jan 28 11:29:00 2025]
localrule combine_runs:
    input: internal_files/run_sorted/DRUG-rep2_run1.genes.bam
    output: .tmp/combined_mapping/DRUG-rep2.genes.bam
    jobid: 32
    reason: Missing output files: .tmp/combined_mapping/DRUG-rep2.genes.bam; Input files updated by another job: internal_files/run_sorted/DRUG-rep2_run1.genes.bam
    wildcards: sample=DRUG-rep2, ref=genes
    threads: 8
    resources: tmpdir=/tmp

[Tue Jan 28 11:29:14 2025]
Finished job 32.
22 of 100 steps (22%) done
Select jobs to execute...
Execute 1 jobs...

[Tue Jan 28 11:29:14 2025]
localrule dedup_mapping:
    input: .tmp/combined_mapping/DRUG-rep2.genes.bam
    output: internal_files/aligned_bam/DRUG-rep2.genes.bam, report_reads/dedup/DRUG-rep2.genes.log
    jobid: 66
    reason: Missing output files: internal_files/aligned_bam/DRUG-rep2.genes.bam; Input files updated by another job: .tmp/combined_mapping/DRUG-rep2.genes.bam
    wildcards: sample=DRUG-rep2, ref=genes
    threads: 20
    resources: tmpdir=/tmp

[Tue Jan 28 11:29:14 2025]
Finished job 39.
23 of 100 steps (23%) done
Removing temporary output .tmp/mapping_discarded_SE/DRUG-rep2_run1.genes.bam.
Select jobs to execute...
Waiting for more resources.
[Tue Jan 28 11:29:19 2025]
Finished job 49.
24 of 100 steps (24%) done
Execute 2 jobs...

[Tue Jan 28 11:29:19 2025]
localrule hisat2_3n_calling_unfiltered_unique:
    input: internal_files/aligned_bam/CONTROL-rep1.genes.bam
    output: .tmp/unfiltered_unique/CONTROL-rep1.genes.tsv.gz
    jobid: 48
    reason: Missing output files: .tmp/unfiltered_unique/CONTROL-rep1.genes.tsv.gz; Input files updated by another job: internal_files/aligned_bam/CONTROL-rep1.genes.bam
    wildcards: sample=CONTROL-rep1, ref=genes
    threads: 16
    resources: tmpdir=/tmp


[Tue Jan 28 11:29:19 2025]
localrule hisat2_3n_calling_unfiltered_multi:
    input: internal_files/aligned_bam/CONTROL-rep1.genes.bam
    output: .tmp/unfiltered_multi/CONTROL-rep1.genes.tsv.gz
    jobid: 50
    reason: Missing output files: .tmp/unfiltered_multi/CONTROL-rep1.genes.tsv.gz; Input files updated by another job: internal_files/aligned_bam/CONTROL-rep1.genes.bam
    wildcards: sample=CONTROL-rep1, ref=genes
    threads: 16
    resources: tmpdir=/tmp

[Tue Jan 28 11:33:19 2025]
Finished job 21.
25 of 100 steps (25%) done
Removing temporary output .tmp/unmapped_internal_SE/DRUG-rep1_run1_R1.contamination.fq.gz.
Select jobs to execute...
Execute 3 jobs...

[Tue Jan 28 11:33:20 2025]
localrule hisat2_3n_mapping_genome_SE:
    input: .tmp/unmapped_internal_SE/DRUG-rep2_run1_R1.genes.fq.gz
    output: .tmp/mapping_unsorted_SE/DRUG-rep2_run1.genome.bam, .tmp/mapping_discarded_SE/DRUG-rep2_run1.genome.bam, report_reads/mapping/DRUG-rep2_run1.genome.summary
    jobid: 38
    reason: Missing output files: .tmp/mapping_discarded_SE/DRUG-rep2_run1.genome.bam, .tmp/mapping_unsorted_SE/DRUG-rep2_run1.genome.bam; Input files updated by another job: .tmp/unmapped_internal_SE/DRUG-rep2_run1_R1.genes.fq.gz
    wildcards: sample=DRUG-rep2, rn=run1
    threads: 24
    resources: tmpdir=/tmp


[Tue Jan 28 11:33:20 2025]
localrule hisat2_3n_filtering:
    input: internal_files/aligned_bam/CONTROL-rep1.genes.bam
    output: .tmp/hisat_converted/CONTROL-rep1.genes.bam
    jobid: 52
    reason: Missing output files: .tmp/hisat_converted/CONTROL-rep1.genes.bam; Input files updated by another job: internal_files/aligned_bam/CONTROL-rep1.genes.bam
    wildcards: sample=CONTROL-rep1, ref=genes
    threads: 4
    resources: tmpdir=/tmp


[Tue Jan 28 11:33:20 2025]
localrule extract_unmap_bam_internal_SE:
    input: .tmp/mapping_discarded_SE/DRUG-rep1_run1.genes.bam
    output: .tmp/unmapped_internal_SE/DRUG-rep1_run1_R1.genes.fq.gz
    jobid: 26
    reason: Missing output files: .tmp/unmapped_internal_SE/DRUG-rep1_run1_R1.genes.fq.gz; Input files updated by another job: .tmp/mapping_discarded_SE/DRUG-rep1_run1.genes.bam
    wildcards: sample=DRUG-rep1, rn=run1, reftype=genes
    threads: 4
    resources: tmpdir=/tmp

[Tue Jan 28 11:33:39 2025]
Finished job 52.
26 of 100 steps (26%) done
Select jobs to execute...
Waiting for more resources.
[Tue Jan 28 11:33:43 2025]
Finished job 66.
27 of 100 steps (27%) done
Execute 2 jobs...

[Tue Jan 28 11:33:43 2025]
localrule hisat2_3n_sort:
    input: .tmp/mapping_unsorted_SE/DRUG-rep1_run1.genes.bam
    output: internal_files/run_sorted/DRUG-rep1_run1.genes.bam
    jobid: 20
    reason: Missing output files: internal_files/run_sorted/DRUG-rep1_run1.genes.bam; Input files updated by another job: .tmp/mapping_unsorted_SE/DRUG-rep1_run1.genes.bam
    wildcards: sample=DRUG-rep1, rn=run1, ref=genes
    threads: 16
    resources: tmpdir=/tmp


[Tue Jan 28 11:33:43 2025]
localrule hisat2_3n_filtering:
    input: internal_files/aligned_bam/DRUG-rep2.genes.bam
    output: .tmp/hisat_converted/DRUG-rep2.genes.bam
    jobid: 69
    reason: Missing output files: .tmp/hisat_converted/DRUG-rep2.genes.bam; Input files updated by another job: internal_files/aligned_bam/DRUG-rep2.genes.bam
    wildcards: sample=DRUG-rep2, ref=genes
    threads: 4
    resources: tmpdir=/tmp

[Tue Jan 28 11:34:04 2025]
Finished job 20.
28 of 100 steps (28%) done
Removing temporary output .tmp/mapping_unsorted_SE/DRUG-rep1_run1.genes.bam.
Select jobs to execute...
Execute 2 jobs...

[Tue Jan 28 11:34:04 2025]
localrule hisat2_3n_calling_filtered_unqiue:
    input: .tmp/hisat_converted/CONTROL-rep1.genes.bam
    output: .tmp/filtered_unique/CONTROL-rep1.genes.tsv.gz
    jobid: 51
    reason: Missing output files: .tmp/filtered_unique/CONTROL-rep1.genes.tsv.gz; Input files updated by another job: .tmp/hisat_converted/CONTROL-rep1.genes.bam
    wildcards: sample=CONTROL-rep1, ref=genes
    threads: 16
    resources: tmpdir=/tmp


[Tue Jan 28 11:34:04 2025]
localrule combine_runs:
    input: internal_files/run_sorted/DRUG-rep1_run1.genes.bam
    output: .tmp/combined_mapping/DRUG-rep1.genes.bam
    jobid: 19
    reason: Missing output files: .tmp/combined_mapping/DRUG-rep1.genes.bam; Input files updated by another job: internal_files/run_sorted/DRUG-rep1_run1.genes.bam
    wildcards: sample=DRUG-rep1, ref=genes
    threads: 8
    resources: tmpdir=/tmp

[Tue Jan 28 11:34:14 2025]
Finished job 26.
29 of 100 steps (29%) done
Removing temporary output .tmp/mapping_discarded_SE/DRUG-rep1_run1.genes.bam.
Select jobs to execute...
Waiting for more resources.
[Tue Jan 28 11:34:15 2025]
Finished job 69.
30 of 100 steps (30%) done
Waiting for more resources.
[Tue Jan 28 11:34:20 2025]
Finished job 19.
31 of 100 steps (31%) done
Execute 1 jobs...

[Tue Jan 28 11:34:20 2025]
localrule hisat2_3n_calling_filtered_multi:
    input: .tmp/hisat_converted/CONTROL-rep1.genes.bam
    output: .tmp/filtered_multi/CONTROL-rep1.genes.tsv.gz
    jobid: 53
    reason: Missing output files: .tmp/filtered_multi/CONTROL-rep1.genes.tsv.gz; Input files updated by another job: .tmp/hisat_converted/CONTROL-rep1.genes.bam
    wildcards: sample=CONTROL-rep1, ref=genes
    threads: 16
    resources: tmpdir=/tmp

[Tue Jan 28 11:36:38 2025]
Finished job 48.
32 of 100 steps (32%) done
Select jobs to execute...
Execute 1 jobs...

[Tue Jan 28 11:36:38 2025]
localrule hisat2_3n_calling_filtered_unqiue:
    input: .tmp/hisat_converted/DRUG-rep2.genes.bam
    output: .tmp/filtered_unique/DRUG-rep2.genes.tsv.gz
    jobid: 68
    reason: Missing output files: .tmp/filtered_unique/DRUG-rep2.genes.tsv.gz; Input files updated by another job: .tmp/hisat_converted/DRUG-rep2.genes.bam
    wildcards: sample=DRUG-rep2, ref=genes
    threads: 16
    resources: tmpdir=/tmp

[Tue Jan 28 11:37:14 2025]
Finished job 50.
33 of 100 steps (33%) done
Select jobs to execute...
Execute 1 jobs...

[Tue Jan 28 11:37:14 2025]
localrule hisat2_3n_calling_filtered_multi:
    input: .tmp/hisat_converted/DRUG-rep2.genes.bam
    output: .tmp/filtered_multi/DRUG-rep2.genes.tsv.gz
    jobid: 70
    reason: Missing output files: .tmp/filtered_multi/DRUG-rep2.genes.tsv.gz; Input files updated by another job: .tmp/hisat_converted/DRUG-rep2.genes.bam
    wildcards: sample=DRUG-rep2, ref=genes
    threads: 16
    resources: tmpdir=/tmp

[Tue Jan 28 11:37:19 2025]
Finished job 12.
34 of 100 steps (34%) done
Removing temporary output .tmp/unmapped_internal_SE/CONTROL-rep1_run1_R1.genes.fq.gz.
Select jobs to execute...
Execute 1 jobs...

[Tue Jan 28 11:37:19 2025]
localrule hisat2_3n_mapping_genome_SE:
    input: .tmp/unmapped_internal_SE/DRUG-rep1_run1_R1.genes.fq.gz
    output: .tmp/mapping_unsorted_SE/DRUG-rep1_run1.genome.bam, .tmp/mapping_discarded_SE/DRUG-rep1_run1.genome.bam, report_reads/mapping/DRUG-rep1_run1.genome.summary
    jobid: 25
    reason: Missing output files: .tmp/mapping_discarded_SE/DRUG-rep1_run1.genome.bam, .tmp/mapping_unsorted_SE/DRUG-rep1_run1.genome.bam; Input files updated by another job: .tmp/unmapped_internal_SE/DRUG-rep1_run1_R1.genes.fq.gz
    wildcards: sample=DRUG-rep1, rn=run1
    threads: 24
    resources: tmpdir=/tmp

[Tue Jan 28 11:41:36 2025]
Finished job 51.
35 of 100 steps (35%) done
Select jobs to execute...
Execute 1 jobs...

[Tue Jan 28 11:41:36 2025]
localrule hisat2_3n_sort:
    input: .tmp/mapping_unsorted_SE/CONTROL-rep1_run1.genome.bam
    output: internal_files/run_sorted/CONTROL-rep1_run1.genome.bam
    jobid: 11
    reason: Missing output files: internal_files/run_sorted/CONTROL-rep1_run1.genome.bam; Input files updated by another job: .tmp/mapping_unsorted_SE/CONTROL-rep1_run1.genome.bam
    wildcards: sample=CONTROL-rep1, rn=run1, ref=genome
    threads: 16
    resources: tmpdir=/tmp

[Tue Jan 28 11:42:14 2025]
Finished job 53.
36 of 100 steps (36%) done
Removing temporary output .tmp/hisat_converted/CONTROL-rep1.genes.bam.
Select jobs to execute...
Execute 1 jobs...

[Tue Jan 28 11:42:14 2025]
localrule hisat2_3n_calling_unfiltered_multi:
    input: internal_files/aligned_bam/DRUG-rep2.genes.bam
    output: .tmp/unfiltered_multi/DRUG-rep2.genes.tsv.gz
    jobid: 67
    reason: Missing output files: .tmp/unfiltered_multi/DRUG-rep2.genes.tsv.gz; Input files updated by another job: internal_files/aligned_bam/DRUG-rep2.genes.bam
    wildcards: sample=DRUG-rep2, ref=genes
    threads: 16
    resources: tmpdir=/tmp

[Tue Jan 28 11:43:45 2025]
Finished job 38.
37 of 100 steps (37%) done
Removing temporary output .tmp/unmapped_internal_SE/DRUG-rep2_run1_R1.genes.fq.gz.
Select jobs to execute...
Execute 3 jobs...

[Tue Jan 28 11:43:46 2025]
localrule extract_unmap_bam_internal_SE:
    input: .tmp/mapping_discarded_SE/DRUG-rep2_run1.genome.bam
    output: .tmp/unmapped_internal_SE/DRUG-rep2_run1_R1.genome.fq.gz
    jobid: 45
    reason: Missing output files: .tmp/unmapped_internal_SE/DRUG-rep2_run1_R1.genome.fq.gz; Input files updated by another job: .tmp/mapping_discarded_SE/DRUG-rep2_run1.genome.bam
    wildcards: sample=DRUG-rep2, rn=run1, reftype=genome
    threads: 4
    resources: tmpdir=/tmp


[Tue Jan 28 11:43:46 2025]
localrule extract_unmap_bam_internal_SE:
    input: .tmp/mapping_discarded_SE/CONTROL-rep1_run1.genome.bam
    output: .tmp/unmapped_internal_SE/CONTROL-rep1_run1_R1.genome.fq.gz
    jobid: 41
    reason: Missing output files: .tmp/unmapped_internal_SE/CONTROL-rep1_run1_R1.genome.fq.gz; Input files updated by another job: .tmp/mapping_discarded_SE/CONTROL-rep1_run1.genome.bam
    wildcards: sample=CONTROL-rep1, rn=run1, reftype=genome
    threads: 4
    resources: tmpdir=/tmp


[Tue Jan 28 11:43:46 2025]
localrule hisat2_3n_sort:
    input: .tmp/mapping_unsorted_SE/DRUG-rep2_run1.genome.bam
    output: internal_files/run_sorted/DRUG-rep2_run1.genome.bam
    jobid: 37
    reason: Missing output files: internal_files/run_sorted/DRUG-rep2_run1.genome.bam; Input files updated by another job: .tmp/mapping_unsorted_SE/DRUG-rep2_run1.genome.bam
    wildcards: sample=DRUG-rep2, rn=run1, ref=genome
    threads: 16
    resources: tmpdir=/tmp

[Tue Jan 28 11:43:48 2025]
Finished job 41.
38 of 100 steps (38%) done
Removing temporary output .tmp/mapping_discarded_SE/CONTROL-rep1_run1.genome.bam.
Select jobs to execute...
Execute 1 jobs...

[Tue Jan 28 11:43:49 2025]
localrule extract_unmap_bam_final_SE:
    input: .tmp/unmapped_internal_SE/CONTROL-rep1_run1_R1.genome.fq.gz
    output: internal_files/discarded_reads/CONTROL-rep1_run1_R1.unmapped.fq.gz
    jobid: 40
    reason: Missing output files: internal_files/discarded_reads/CONTROL-rep1_run1_R1.unmapped.fq.gz; Input files updated by another job: .tmp/unmapped_internal_SE/CONTROL-rep1_run1_R1.genome.fq.gz
    wildcards: sample=CONTROL-rep1, rn=run1
    threads: 4
    resources: tmpdir=/tmp

[Tue Jan 28 11:43:49 2025]
Finished job 40.
39 of 100 steps (39%) done
Removing temporary output .tmp/unmapped_internal_SE/CONTROL-rep1_run1_R1.genome.fq.gz.
Select jobs to execute...
Waiting for more resources.
[Tue Jan 28 11:43:49 2025]
Finished job 45.
40 of 100 steps (40%) done
Removing temporary output .tmp/mapping_discarded_SE/DRUG-rep2_run1.genome.bam.
Execute 1 jobs...

[Tue Jan 28 11:43:50 2025]
localrule join_pileup:
    input: .tmp/unfiltered_unique/CONTROL-rep1.genes.tsv.gz, .tmp/unfiltered_multi/CONTROL-rep1.genes.tsv.gz, .tmp/filtered_unique/CONTROL-rep1.genes.tsv.gz, .tmp/filtered_multi/CONTROL-rep1.genes.tsv.gz
    output: internal_files/count_sites/CONTROL-rep1.genes.arrow
    jobid: 47
    reason: Missing output files: internal_files/count_sites/CONTROL-rep1.genes.arrow; Input files updated by another job: .tmp/unfiltered_multi/CONTROL-rep1.genes.tsv.gz, .tmp/filtered_unique/CONTROL-rep1.genes.tsv.gz, .tmp/unfiltered_unique/CONTROL-rep1.genes.tsv.gz, .tmp/filtered_multi/CONTROL-rep1.genes.tsv.gz
    wildcards: sample=CONTROL-rep1, ref=genes
    threads: 6
    resources: tmpdir=/tmp

[Tue Jan 28 11:44:12 2025]
Finished job 47.
41 of 100 steps (41%) done
Removing temporary output .tmp/unfiltered_unique/CONTROL-rep1.genes.tsv.gz.
Removing temporary output .tmp/unfiltered_multi/CONTROL-rep1.genes.tsv.gz.
Removing temporary output .tmp/filtered_unique/CONTROL-rep1.genes.tsv.gz.
Removing temporary output .tmp/filtered_multi/CONTROL-rep1.genes.tsv.gz.
Select jobs to execute...
Execute 1 jobs...

[Tue Jan 28 11:44:12 2025]
localrule group_pileup:
    input: internal_files/count_sites/CONTROL-rep1.genes.arrow
    output: internal_files/group_sites/CONTROL.genes.arrow
    jobid: 55
    reason: Missing output files: internal_files/group_sites/CONTROL.genes.arrow; Input files updated by another job: internal_files/count_sites/CONTROL-rep1.genes.arrow
    wildcards: group=CONTROL, ref=genes
    threads: 6
    resources: tmpdir=/tmp

[Tue Jan 28 11:44:22 2025]
Finished job 55.
42 of 100 steps (42%) done
Select jobs to execute...
Execute 1 jobs...

[Tue Jan 28 11:44:22 2025]
localrule extract_unmap_bam_final_SE:
    input: .tmp/unmapped_internal_SE/DRUG-rep2_run1_R1.genome.fq.gz
    output: internal_files/discarded_reads/DRUG-rep2_run1_R1.unmapped.fq.gz
    jobid: 44
    reason: Missing output files: internal_files/discarded_reads/DRUG-rep2_run1_R1.unmapped.fq.gz; Input files updated by another job: .tmp/unmapped_internal_SE/DRUG-rep2_run1_R1.genome.fq.gz
    wildcards: sample=DRUG-rep2, rn=run1
    threads: 4
    resources: tmpdir=/tmp

[Tue Jan 28 11:44:22 2025]
Finished job 44.
43 of 100 steps (43%) done
Removing temporary output .tmp/unmapped_internal_SE/DRUG-rep2_run1_R1.genome.fq.gz.
Select jobs to execute...
Waiting for more resources.
[Tue Jan 28 11:45:37 2025]
Finished job 11.
44 of 100 steps (44%) done
Removing temporary output .tmp/mapping_unsorted_SE/CONTROL-rep1_run1.genome.bam.
Execute 2 jobs...

[Tue Jan 28 11:45:38 2025]
localrule hisat2_3n_calling_unfiltered_unique:
    input: internal_files/aligned_bam/DRUG-rep2.genes.bam
    output: .tmp/unfiltered_unique/DRUG-rep2.genes.tsv.gz
    jobid: 65
    reason: Missing output files: .tmp/unfiltered_unique/DRUG-rep2.genes.tsv.gz; Input files updated by another job: internal_files/aligned_bam/DRUG-rep2.genes.bam
    wildcards: sample=DRUG-rep2, ref=genes
    threads: 16
    resources: tmpdir=/tmp


[Tue Jan 28 11:45:38 2025]
localrule combine_runs:
    input: internal_files/run_sorted/CONTROL-rep1_run1.genome.bam
    output: .tmp/combined_mapping/CONTROL-rep1.genome.bam
    jobid: 10
    reason: Missing output files: .tmp/combined_mapping/CONTROL-rep1.genome.bam; Input files updated by another job: internal_files/run_sorted/CONTROL-rep1_run1.genome.bam
    wildcards: sample=CONTROL-rep1, ref=genome
    threads: 8
    resources: tmpdir=/tmp

[Tue Jan 28 11:45:41 2025]
Finished job 68.
45 of 100 steps (45%) done
Select jobs to execute...
Waiting for more resources.
[Tue Jan 28 11:46:30 2025]
Finished job 70.
46 of 100 steps (46%) done
Removing temporary output .tmp/hisat_converted/DRUG-rep2.genes.bam.
Execute 1 jobs...

[Tue Jan 28 11:46:30 2025]
localrule dedup_mapping:
    input: .tmp/combined_mapping/DRUG-rep1.genes.bam
    output: internal_files/aligned_bam/DRUG-rep1.genes.bam, report_reads/dedup/DRUG-rep1.genes.log
    jobid: 59
    reason: Missing output files: internal_files/aligned_bam/DRUG-rep1.genes.bam; Input files updated by another job: .tmp/combined_mapping/DRUG-rep1.genes.bam
    wildcards: sample=DRUG-rep1, ref=genes
    threads: 20
    resources: tmpdir=/tmp

[Tue Jan 28 11:46:31 2025]
Finished job 37.
47 of 100 steps (47%) done
Removing temporary output .tmp/mapping_unsorted_SE/DRUG-rep2_run1.genome.bam.
Select jobs to execute...
Execute 1 jobs...

[Tue Jan 28 11:46:32 2025]
localrule combine_runs:
    input: internal_files/run_sorted/DRUG-rep2_run1.genome.bam
    output: .tmp/combined_mapping/DRUG-rep2.genome.bam
    jobid: 36
    reason: Missing output files: .tmp/combined_mapping/DRUG-rep2.genome.bam; Input files updated by another job: internal_files/run_sorted/DRUG-rep2_run1.genome.bam
    wildcards: sample=DRUG-rep2, ref=genome
    threads: 8
    resources: tmpdir=/tmp

[Tue Jan 28 11:46:49 2025]
Finished job 10.
48 of 100 steps (48%) done
Select jobs to execute...
Execute 2 jobs...

[Tue Jan 28 11:46:49 2025]
localrule dedup_mapping:
    input: .tmp/combined_mapping/CONTROL-rep1.genome.bam
    output: internal_files/aligned_bam/CONTROL-rep1.genome.bam, report_reads/dedup/CONTROL-rep1.genome.log
    jobid: 74
    reason: Missing output files: internal_files/aligned_bam/CONTROL-rep1.genome.bam; Input files updated by another job: .tmp/combined_mapping/CONTROL-rep1.genome.bam
    wildcards: sample=CONTROL-rep1, ref=genome
    threads: 20
    resources: tmpdir=/tmp


[Tue Jan 28 11:46:49 2025]
localrule stat_mapping_number:
    input: .tmp/combined_mapping/CONTROL-rep1.contamination.bam, .tmp/combined_mapping/CONTROL-rep1.genes.bam, .tmp/combined_mapping/CONTROL-rep1.genome.bam
    output: report_reads/mapped/CONTROL-rep1.tsv
    jobid: 1
    reason: Missing output files: report_reads/mapped/CONTROL-rep1.tsv; Input files updated by another job: .tmp/combined_mapping/CONTROL-rep1.genome.bam, .tmp/combined_mapping/CONTROL-rep1.genes.bam, .tmp/combined_mapping/CONTROL-rep1.contamination.bam
    wildcards: sample=CONTROL-rep1
    threads: 4
    resources: tmpdir=/tmp

[Tue Jan 28 11:46:59 2025]
Finished job 1.
49 of 100 steps (49%) done
Removing temporary output .tmp/combined_mapping/CONTROL-rep1.contamination.bam.
Removing temporary output .tmp/combined_mapping/CONTROL-rep1.genes.bam.
[Tue Jan 28 11:47:57 2025]
Finished job 36.
50 of 100 steps (50%) done
Select jobs to execute...
Execute 1 jobs...

[Tue Jan 28 11:47:57 2025]
localrule stat_mapping_number:
    input: .tmp/combined_mapping/DRUG-rep2.contamination.bam, .tmp/combined_mapping/DRUG-rep2.genes.bam, .tmp/combined_mapping/DRUG-rep2.genome.bam
    output: report_reads/mapped/DRUG-rep2.tsv
    jobid: 27
    reason: Missing output files: report_reads/mapped/DRUG-rep2.tsv; Input files updated by another job: .tmp/combined_mapping/DRUG-rep2.genome.bam, .tmp/combined_mapping/DRUG-rep2.genes.bam, .tmp/combined_mapping/DRUG-rep2.contamination.bam
    wildcards: sample=DRUG-rep2
    threads: 4
    resources: tmpdir=/tmp

[Tue Jan 28 11:48:10 2025]
Finished job 27.
51 of 100 steps (51%) done
Removing temporary output .tmp/combined_mapping/DRUG-rep2.contamination.bam.
Removing temporary output .tmp/combined_mapping/DRUG-rep2.genes.bam.
Select jobs to execute...
Waiting for more resources.
[Tue Jan 28 11:48:54 2025]
Finished job 25.
52 of 100 steps (52%) done
Removing temporary output .tmp/unmapped_internal_SE/DRUG-rep1_run1_R1.genes.fq.gz.
Execute 3 jobs...

[Tue Jan 28 11:48:54 2025]
localrule extract_unmap_bam_internal_SE:
    input: .tmp/mapping_discarded_SE/DRUG-rep1_run1.genome.bam
    output: .tmp/unmapped_internal_SE/DRUG-rep1_run1_R1.genome.fq.gz
    jobid: 43
    reason: Missing output files: .tmp/unmapped_internal_SE/DRUG-rep1_run1_R1.genome.fq.gz; Input files updated by another job: .tmp/mapping_discarded_SE/DRUG-rep1_run1.genome.bam
    wildcards: sample=DRUG-rep1, rn=run1, reftype=genome
    threads: 4
    resources: tmpdir=/tmp


[Tue Jan 28 11:48:54 2025]
localrule dedup_mapping:
    input: .tmp/combined_mapping/DRUG-rep2.genome.bam
    output: internal_files/aligned_bam/DRUG-rep2.genome.bam, report_reads/dedup/DRUG-rep2.genome.log
    jobid: 91
    reason: Missing output files: internal_files/aligned_bam/DRUG-rep2.genome.bam; Input files updated by another job: .tmp/combined_mapping/DRUG-rep2.genome.bam
    wildcards: sample=DRUG-rep2, ref=genome
    threads: 20
    resources: tmpdir=/tmp


[Tue Jan 28 11:48:54 2025]
localrule hisat2_3n_sort:
    input: .tmp/mapping_unsorted_SE/DRUG-rep1_run1.genome.bam
    output: internal_files/run_sorted/DRUG-rep1_run1.genome.bam
    jobid: 24
    reason: Missing output files: internal_files/run_sorted/DRUG-rep1_run1.genome.bam; Input files updated by another job: .tmp/mapping_unsorted_SE/DRUG-rep1_run1.genome.bam
    wildcards: sample=DRUG-rep1, rn=run1, ref=genome
    threads: 16
    resources: tmpdir=/tmp

[Tue Jan 28 11:48:59 2025]
Finished job 43.
53 of 100 steps (53%) done
Removing temporary output .tmp/mapping_discarded_SE/DRUG-rep1_run1.genome.bam.
Select jobs to execute...
Execute 1 jobs...

[Tue Jan 28 11:48:59 2025]
localrule extract_unmap_bam_final_SE:
    input: .tmp/unmapped_internal_SE/DRUG-rep1_run1_R1.genome.fq.gz
    output: internal_files/discarded_reads/DRUG-rep1_run1_R1.unmapped.fq.gz
    jobid: 42
    reason: Missing output files: internal_files/discarded_reads/DRUG-rep1_run1_R1.unmapped.fq.gz; Input files updated by another job: .tmp/unmapped_internal_SE/DRUG-rep1_run1_R1.genome.fq.gz
    wildcards: sample=DRUG-rep1, rn=run1
    threads: 4
    resources: tmpdir=/tmp

[Tue Jan 28 11:48:59 2025]
Finished job 42.
54 of 100 steps (54%) done
Removing temporary output .tmp/unmapped_internal_SE/DRUG-rep1_run1_R1.genome.fq.gz.
[Tue Jan 28 11:50:03 2025]
Finished job 67.
55 of 100 steps (55%) done
[Tue Jan 28 11:50:45 2025]
Finished job 59.
56 of 100 steps (56%) done
Select jobs to execute...
Execute 3 jobs...

[Tue Jan 28 11:50:45 2025]
localrule hisat2_3n_filtering:
    input: internal_files/aligned_bam/DRUG-rep1.genes.bam
    output: .tmp/hisat_converted/DRUG-rep1.genes.bam
    jobid: 62
    reason: Missing output files: .tmp/hisat_converted/DRUG-rep1.genes.bam; Input files updated by another job: internal_files/aligned_bam/DRUG-rep1.genes.bam
    wildcards: sample=DRUG-rep1, ref=genes
    threads: 4
    resources: tmpdir=/tmp


[Tue Jan 28 11:50:45 2025]
localrule hisat2_3n_calling_unfiltered_unique:
    input: internal_files/aligned_bam/DRUG-rep1.genes.bam
    output: .tmp/unfiltered_unique/DRUG-rep1.genes.tsv.gz
    jobid: 58
    reason: Missing output files: .tmp/unfiltered_unique/DRUG-rep1.genes.tsv.gz; Input files updated by another job: internal_files/aligned_bam/DRUG-rep1.genes.bam
    wildcards: sample=DRUG-rep1, ref=genes
    threads: 16
    resources: tmpdir=/tmp


[Tue Jan 28 11:50:45 2025]
localrule hisat2_3n_calling_unfiltered_multi:
    input: internal_files/aligned_bam/DRUG-rep1.genes.bam
    output: .tmp/unfiltered_multi/DRUG-rep1.genes.tsv.gz
    jobid: 60
    reason: Missing output files: .tmp/unfiltered_multi/DRUG-rep1.genes.tsv.gz; Input files updated by another job: internal_files/aligned_bam/DRUG-rep1.genes.bam
    wildcards: sample=DRUG-rep1, ref=genes
    threads: 16
    resources: tmpdir=/tmp

[Tue Jan 28 11:51:09 2025]
Finished job 62.
57 of 100 steps (57%) done
Select jobs to execute...
Waiting for more resources.
[Tue Jan 28 11:51:33 2025]
Finished job 24.
58 of 100 steps (58%) done
Removing temporary output .tmp/mapping_unsorted_SE/DRUG-rep1_run1.genome.bam.
Execute 2 jobs...

[Tue Jan 28 11:51:34 2025]
localrule hisat2_3n_calling_filtered_unqiue:
    input: .tmp/hisat_converted/DRUG-rep1.genes.bam
    output: .tmp/filtered_unique/DRUG-rep1.genes.tsv.gz
    jobid: 61
    reason: Missing output files: .tmp/filtered_unique/DRUG-rep1.genes.tsv.gz; Input files updated by another job: .tmp/hisat_converted/DRUG-rep1.genes.bam
    wildcards: sample=DRUG-rep1, ref=genes
    threads: 16
    resources: tmpdir=/tmp


[Tue Jan 28 11:51:34 2025]
localrule combine_runs:
    input: internal_files/run_sorted/DRUG-rep1_run1.genome.bam
    output: .tmp/combined_mapping/DRUG-rep1.genome.bam
    jobid: 23
    reason: Missing output files: .tmp/combined_mapping/DRUG-rep1.genome.bam; Input files updated by another job: internal_files/run_sorted/DRUG-rep1_run1.genome.bam
    wildcards: sample=DRUG-rep1, ref=genome
    threads: 8
    resources: tmpdir=/tmp

[Tue Jan 28 11:52:51 2025]
Finished job 65.
59 of 100 steps (59%) done
Select jobs to execute...
Execute 1 jobs...

[Tue Jan 28 11:52:51 2025]
localrule hisat2_3n_calling_filtered_multi:
    input: .tmp/hisat_converted/DRUG-rep1.genes.bam
    output: .tmp/filtered_multi/DRUG-rep1.genes.tsv.gz
    jobid: 63
    reason: Missing output files: .tmp/filtered_multi/DRUG-rep1.genes.tsv.gz; Input files updated by another job: .tmp/hisat_converted/DRUG-rep1.genes.bam
    wildcards: sample=DRUG-rep1, ref=genes
    threads: 16
    resources: tmpdir=/tmp

[Tue Jan 28 11:52:59 2025]
Finished job 23.
60 of 100 steps (60%) done
Select jobs to execute...
Execute 1 jobs...

[Tue Jan 28 11:52:59 2025]
localrule join_pileup:
    input: .tmp/unfiltered_unique/DRUG-rep2.genes.tsv.gz, .tmp/unfiltered_multi/DRUG-rep2.genes.tsv.gz, .tmp/filtered_unique/DRUG-rep2.genes.tsv.gz, .tmp/filtered_multi/DRUG-rep2.genes.tsv.gz
    output: internal_files/count_sites/DRUG-rep2.genes.arrow
    jobid: 64
    reason: Missing output files: internal_files/count_sites/DRUG-rep2.genes.arrow; Input files updated by another job: .tmp/filtered_unique/DRUG-rep2.genes.tsv.gz, .tmp/unfiltered_unique/DRUG-rep2.genes.tsv.gz, .tmp/filtered_multi/DRUG-rep2.genes.tsv.gz, .tmp/unfiltered_multi/DRUG-rep2.genes.tsv.gz
    wildcards: sample=DRUG-rep2, ref=genes
    threads: 6
    resources: tmpdir=/tmp

[Tue Jan 28 11:53:26 2025]
Finished job 64.
61 of 100 steps (61%) done
Removing temporary output .tmp/unfiltered_unique/DRUG-rep2.genes.tsv.gz.
Removing temporary output .tmp/unfiltered_multi/DRUG-rep2.genes.tsv.gz.
Removing temporary output .tmp/filtered_unique/DRUG-rep2.genes.tsv.gz.
Removing temporary output .tmp/filtered_multi/DRUG-rep2.genes.tsv.gz.
Select jobs to execute...
Execute 1 jobs...

[Tue Jan 28 11:53:26 2025]
localrule stat_mapping_number:
    input: .tmp/combined_mapping/DRUG-rep1.contamination.bam, .tmp/combined_mapping/DRUG-rep1.genes.bam, .tmp/combined_mapping/DRUG-rep1.genome.bam
    output: report_reads/mapped/DRUG-rep1.tsv
    jobid: 14
    reason: Missing output files: report_reads/mapped/DRUG-rep1.tsv; Input files updated by another job: .tmp/combined_mapping/DRUG-rep1.genes.bam, .tmp/combined_mapping/DRUG-rep1.contamination.bam, .tmp/combined_mapping/DRUG-rep1.genome.bam
    wildcards: sample=DRUG-rep1
    threads: 4
    resources: tmpdir=/tmp

[Tue Jan 28 11:53:43 2025]
Finished job 14.
62 of 100 steps (62%) done
Removing temporary output .tmp/combined_mapping/DRUG-rep1.contamination.bam.
Removing temporary output .tmp/combined_mapping/DRUG-rep1.genes.bam.
Select jobs to execute...
Waiting for more resources.
[Tue Jan 28 11:58:38 2025]
Finished job 58.
63 of 100 steps (63%) done
Execute 1 jobs...

[Tue Jan 28 11:58:38 2025]
localrule dedup_mapping:
    input: .tmp/combined_mapping/DRUG-rep1.genome.bam
    output: internal_files/aligned_bam/DRUG-rep1.genome.bam, report_reads/dedup/DRUG-rep1.genome.log
    jobid: 84
    reason: Missing output files: internal_files/aligned_bam/DRUG-rep1.genome.bam; Input files updated by another job: .tmp/combined_mapping/DRUG-rep1.genome.bam
    wildcards: sample=DRUG-rep1, ref=genome
    threads: 20
    resources: tmpdir=/tmp

[Tue Jan 28 11:58:55 2025]
Finished job 60.
64 of 100 steps (64%) done
[Tue Jan 28 11:59:25 2025]
Finished job 61.
65 of 100 steps (65%) done
[Tue Jan 28 12:00:57 2025]
Finished job 63.
66 of 100 steps (66%) done
Removing temporary output .tmp/hisat_converted/DRUG-rep1.genes.bam.
Select jobs to execute...
Execute 1 jobs...

[Tue Jan 28 12:00:57 2025]
localrule join_pileup:
    input: .tmp/unfiltered_unique/DRUG-rep1.genes.tsv.gz, .tmp/unfiltered_multi/DRUG-rep1.genes.tsv.gz, .tmp/filtered_unique/DRUG-rep1.genes.tsv.gz, .tmp/filtered_multi/DRUG-rep1.genes.tsv.gz
    output: internal_files/count_sites/DRUG-rep1.genes.arrow
    jobid: 57
    reason: Missing output files: internal_files/count_sites/DRUG-rep1.genes.arrow; Input files updated by another job: .tmp/unfiltered_multi/DRUG-rep1.genes.tsv.gz, .tmp/unfiltered_unique/DRUG-rep1.genes.tsv.gz, .tmp/filtered_multi/DRUG-rep1.genes.tsv.gz, .tmp/filtered_unique/DRUG-rep1.genes.tsv.gz
    wildcards: sample=DRUG-rep1, ref=genes
    threads: 6
    resources: tmpdir=/tmp

[Tue Jan 28 12:01:27 2025]
Finished job 57.
67 of 100 steps (67%) done
Removing temporary output .tmp/unfiltered_unique/DRUG-rep1.genes.tsv.gz.
Removing temporary output .tmp/unfiltered_multi/DRUG-rep1.genes.tsv.gz.
Removing temporary output .tmp/filtered_unique/DRUG-rep1.genes.tsv.gz.
Removing temporary output .tmp/filtered_multi/DRUG-rep1.genes.tsv.gz.
Select jobs to execute...
Execute 1 jobs...

[Tue Jan 28 12:01:27 2025]
localrule group_pileup:
    input: internal_files/count_sites/DRUG-rep1.genes.arrow, internal_files/count_sites/DRUG-rep2.genes.arrow
    output: internal_files/group_sites/DRUG.genes.arrow
    jobid: 56
    reason: Missing output files: internal_files/group_sites/DRUG.genes.arrow; Input files updated by another job: internal_files/count_sites/DRUG-rep1.genes.arrow, internal_files/count_sites/DRUG-rep2.genes.arrow
    wildcards: group=DRUG, ref=genes
    threads: 6
    resources: tmpdir=/tmp

[Tue Jan 28 12:01:54 2025]
Finished job 56.
68 of 100 steps (68%) done
Select jobs to execute...
Execute 1 jobs...

[Tue Jan 28 12:01:54 2025]
localrule combined_select_sites:
    input: internal_files/group_sites/CONTROL.genes.arrow, internal_files/group_sites/DRUG.genes.arrow
    output: detected_sites/prefilter/genes.tsv
    jobid: 54
    reason: Missing output files: detected_sites/prefilter/genes.tsv; Input files updated by another job: internal_files/group_sites/CONTROL.genes.arrow, internal_files/group_sites/DRUG.genes.arrow
    wildcards: ref=genes
    resources: tmpdir=/tmp

[Tue Jan 28 12:02:01 2025]
Finished job 54.
69 of 100 steps (69%) done
Select jobs to execute...
Execute 3 jobs...

[Tue Jan 28 12:02:01 2025]
localrule stat_sample_background:
    input: internal_files/count_sites/CONTROL-rep1.genes.arrow, detected_sites/prefilter/genes.tsv
    output: detected_sites/background/CONTROL-rep1.genes.tsv, detected_sites/filtered/CONTROL-rep1.genes.tsv
    jobid: 46
    reason: Missing output files: detected_sites/filtered/CONTROL-rep1.genes.tsv; Input files updated by another job: internal_files/count_sites/CONTROL-rep1.genes.arrow, detected_sites/prefilter/genes.tsv
    wildcards: sample=CONTROL-rep1, ref=genes
    threads: 2
    resources: tmpdir=/tmp


[Tue Jan 28 12:02:01 2025]
localrule stat_sample_background:
    input: internal_files/count_sites/DRUG-rep2.genes.arrow, detected_sites/prefilter/genes.tsv
    output: detected_sites/background/DRUG-rep2.genes.tsv, detected_sites/filtered/DRUG-rep2.genes.tsv
    jobid: 98
    reason: Missing output files: detected_sites/filtered/DRUG-rep2.genes.tsv; Input files updated by another job: internal_files/count_sites/DRUG-rep2.genes.arrow, detected_sites/prefilter/genes.tsv
    wildcards: sample=DRUG-rep2, ref=genes
    threads: 2
    resources: tmpdir=/tmp


[Tue Jan 28 12:02:01 2025]
localrule stat_sample_background:
    input: internal_files/count_sites/DRUG-rep1.genes.arrow, detected_sites/prefilter/genes.tsv
    output: detected_sites/background/DRUG-rep1.genes.tsv, detected_sites/filtered/DRUG-rep1.genes.tsv
    jobid: 96
    reason: Missing output files: detected_sites/filtered/DRUG-rep1.genes.tsv; Input files updated by another job: internal_files/count_sites/DRUG-rep1.genes.arrow, detected_sites/prefilter/genes.tsv
    wildcards: sample=DRUG-rep1, ref=genes
    threads: 2
    resources: tmpdir=/tmp

[Tue Jan 28 12:02:06 2025]
Finished job 46.
70 of 100 steps (70%) done
[Tue Jan 28 12:02:07 2025]
Finished job 98.
71 of 100 steps (71%) done
[Tue Jan 28 12:02:07 2025]
Finished job 96.
72 of 100 steps (72%) done
[Tue Jan 28 12:06:17 2025]
Finished job 74.
73 of 100 steps (73%) done
Removing temporary output .tmp/combined_mapping/CONTROL-rep1.genome.bam.
Select jobs to execute...
Execute 3 jobs...

[Tue Jan 28 12:06:18 2025]
localrule hisat2_3n_calling_unfiltered_unique:
    input: internal_files/aligned_bam/CONTROL-rep1.genome.bam
    output: .tmp/unfiltered_unique/CONTROL-rep1.genome.tsv.gz
    jobid: 73
    reason: Missing output files: .tmp/unfiltered_unique/CONTROL-rep1.genome.tsv.gz; Input files updated by another job: internal_files/aligned_bam/CONTROL-rep1.genome.bam
    wildcards: sample=CONTROL-rep1, ref=genome
    threads: 16
    resources: tmpdir=/tmp


[Tue Jan 28 12:06:18 2025]
localrule hisat2_3n_filtering:
    input: internal_files/aligned_bam/CONTROL-rep1.genome.bam
    output: .tmp/hisat_converted/CONTROL-rep1.genome.bam
    jobid: 77
    reason: Missing output files: .tmp/hisat_converted/CONTROL-rep1.genome.bam; Input files updated by another job: internal_files/aligned_bam/CONTROL-rep1.genome.bam
    wildcards: sample=CONTROL-rep1, ref=genome
    threads: 4
    resources: tmpdir=/tmp


[Tue Jan 28 12:06:18 2025]
localrule hisat2_3n_calling_unfiltered_multi:
    input: internal_files/aligned_bam/CONTROL-rep1.genome.bam
    output: .tmp/unfiltered_multi/CONTROL-rep1.genome.tsv.gz
    jobid: 75
    reason: Missing output files: .tmp/unfiltered_multi/CONTROL-rep1.genome.tsv.gz; Input files updated by another job: internal_files/aligned_bam/CONTROL-rep1.genome.bam
    wildcards: sample=CONTROL-rep1, ref=genome
    threads: 16
    resources: tmpdir=/tmp

[Tue Jan 28 12:08:02 2025]
Finished job 77.
74 of 100 steps (74%) done
Select jobs to execute...
Execute 2 jobs...

[Tue Jan 28 12:08:02 2025]
localrule hisat2_3n_calling_filtered_unqiue:
    input: .tmp/hisat_converted/CONTROL-rep1.genome.bam
    output: .tmp/filtered_unique/CONTROL-rep1.genome.tsv.gz
    jobid: 76
    reason: Missing output files: .tmp/filtered_unique/CONTROL-rep1.genome.tsv.gz; Input files updated by another job: .tmp/hisat_converted/CONTROL-rep1.genome.bam
    wildcards: sample=CONTROL-rep1, ref=genome
    threads: 16
    resources: tmpdir=/tmp


[Tue Jan 28 12:08:02 2025]
localrule hisat2_3n_calling_filtered_multi:
    input: .tmp/hisat_converted/CONTROL-rep1.genome.bam
    output: .tmp/filtered_multi/CONTROL-rep1.genome.tsv.gz
    jobid: 78
    reason: Missing output files: .tmp/filtered_multi/CONTROL-rep1.genome.tsv.gz; Input files updated by another job: .tmp/hisat_converted/CONTROL-rep1.genome.bam
    wildcards: sample=CONTROL-rep1, ref=genome
    threads: 16
    resources: tmpdir=/tmp

[Tue Jan 28 12:12:14 2025]
Finished job 91.
75 of 100 steps (75%) done
Removing temporary output .tmp/combined_mapping/DRUG-rep2.genome.bam.
Select jobs to execute...
Execute 2 jobs...

[Tue Jan 28 12:12:14 2025]
localrule hisat2_3n_calling_unfiltered_unique:
    input: internal_files/aligned_bam/DRUG-rep2.genome.bam
    output: .tmp/unfiltered_unique/DRUG-rep2.genome.tsv.gz
    jobid: 90
    reason: Missing output files: .tmp/unfiltered_unique/DRUG-rep2.genome.tsv.gz; Input files updated by another job: internal_files/aligned_bam/DRUG-rep2.genome.bam
    wildcards: sample=DRUG-rep2, ref=genome
    threads: 16
    resources: tmpdir=/tmp


[Tue Jan 28 12:12:14 2025]
localrule hisat2_3n_filtering:
    input: internal_files/aligned_bam/DRUG-rep2.genome.bam
    output: .tmp/hisat_converted/DRUG-rep2.genome.bam
    jobid: 94
    reason: Missing output files: .tmp/hisat_converted/DRUG-rep2.genome.bam; Input files updated by another job: internal_files/aligned_bam/DRUG-rep2.genome.bam
    wildcards: sample=DRUG-rep2, ref=genome
    threads: 4
    resources: tmpdir=/tmp

[Tue Jan 28 12:14:47 2025]
Finished job 94.
76 of 100 steps (76%) done
Select jobs to execute...
Waiting for more resources.
[Tue Jan 28 12:24:26 2025]
Finished job 84.
77 of 100 steps (77%) done
Removing temporary output .tmp/combined_mapping/DRUG-rep1.genome.bam.
Execute 2 jobs...

[Tue Jan 28 12:24:27 2025]
localrule hisat2_3n_calling_filtered_unqiue:
    input: .tmp/hisat_converted/DRUG-rep2.genome.bam
    output: .tmp/filtered_unique/DRUG-rep2.genome.tsv.gz
    jobid: 93
    reason: Missing output files: .tmp/filtered_unique/DRUG-rep2.genome.tsv.gz; Input files updated by another job: .tmp/hisat_converted/DRUG-rep2.genome.bam
    wildcards: sample=DRUG-rep2, ref=genome
    threads: 16
    resources: tmpdir=/tmp


[Tue Jan 28 12:24:27 2025]
localrule hisat2_3n_calling_filtered_multi:
    input: .tmp/hisat_converted/DRUG-rep2.genome.bam
    output: .tmp/filtered_multi/DRUG-rep2.genome.tsv.gz
    jobid: 95
    reason: Missing output files: .tmp/filtered_multi/DRUG-rep2.genome.tsv.gz; Input files updated by another job: .tmp/hisat_converted/DRUG-rep2.genome.bam
    wildcards: sample=DRUG-rep2, ref=genome
    threads: 16
    resources: tmpdir=/tmp

[Tue Jan 28 12:46:54 2025]
Finished job 75.
78 of 100 steps (78%) done
Select jobs to execute...
Execute 1 jobs...

[Tue Jan 28 12:46:54 2025]
localrule hisat2_3n_calling_unfiltered_multi:
    input: internal_files/aligned_bam/DRUG-rep1.genome.bam
    output: .tmp/unfiltered_multi/DRUG-rep1.genome.tsv.gz
    jobid: 85
    reason: Missing output files: .tmp/unfiltered_multi/DRUG-rep1.genome.tsv.gz; Input files updated by another job: internal_files/aligned_bam/DRUG-rep1.genome.bam
    wildcards: sample=DRUG-rep1, ref=genome
    threads: 16
    resources: tmpdir=/tmp

[Tue Jan 28 12:47:26 2025]
Finished job 73.
79 of 100 steps (79%) done
Select jobs to execute...
Execute 1 jobs...

[Tue Jan 28 12:47:26 2025]
localrule hisat2_3n_calling_unfiltered_multi:
    input: internal_files/aligned_bam/DRUG-rep2.genome.bam
    output: .tmp/unfiltered_multi/DRUG-rep2.genome.tsv.gz
    jobid: 92
    reason: Missing output files: .tmp/unfiltered_multi/DRUG-rep2.genome.tsv.gz; Input files updated by another job: internal_files/aligned_bam/DRUG-rep2.genome.bam
    wildcards: sample=DRUG-rep2, ref=genome
    threads: 16
    resources: tmpdir=/tmp

[Tue Jan 28 12:48:43 2025]
Finished job 78.
80 of 100 steps (80%) done
Select jobs to execute...
Execute 1 jobs...

[Tue Jan 28 12:48:43 2025]
localrule hisat2_3n_calling_unfiltered_unique:
    input: internal_files/aligned_bam/DRUG-rep1.genome.bam
    output: .tmp/unfiltered_unique/DRUG-rep1.genome.tsv.gz
    jobid: 83
    reason: Missing output files: .tmp/unfiltered_unique/DRUG-rep1.genome.tsv.gz; Input files updated by another job: internal_files/aligned_bam/DRUG-rep1.genome.bam
    wildcards: sample=DRUG-rep1, ref=genome
    threads: 16
    resources: tmpdir=/tmp

[Tue Jan 28 12:49:36 2025]
Finished job 76.
81 of 100 steps (81%) done
Removing temporary output .tmp/hisat_converted/CONTROL-rep1.genome.bam.
Select jobs to execute...
Execute 2 jobs...

[Tue Jan 28 12:49:37 2025]
localrule join_pileup:
    input: .tmp/unfiltered_unique/CONTROL-rep1.genome.tsv.gz, .tmp/unfiltered_multi/CONTROL-rep1.genome.tsv.gz, .tmp/filtered_unique/CONTROL-rep1.genome.tsv.gz, .tmp/filtered_multi/CONTROL-rep1.genome.tsv.gz
    output: internal_files/count_sites/CONTROL-rep1.genome.arrow
    jobid: 72
    reason: Missing output files: internal_files/count_sites/CONTROL-rep1.genome.arrow; Input files updated by another job: .tmp/unfiltered_multi/CONTROL-rep1.genome.tsv.gz, .tmp/unfiltered_unique/CONTROL-rep1.genome.tsv.gz, .tmp/filtered_multi/CONTROL-rep1.genome.tsv.gz, .tmp/filtered_unique/CONTROL-rep1.genome.tsv.gz
    wildcards: sample=CONTROL-rep1, ref=genome
    threads: 6
    resources: tmpdir=/tmp


[Tue Jan 28 12:49:37 2025]
localrule hisat2_3n_filtering:
    input: internal_files/aligned_bam/DRUG-rep1.genome.bam
    output: .tmp/hisat_converted/DRUG-rep1.genome.bam
    jobid: 87
    reason: Missing output files: .tmp/hisat_converted/DRUG-rep1.genome.bam; Input files updated by another job: internal_files/aligned_bam/DRUG-rep1.genome.bam
    wildcards: sample=DRUG-rep1, ref=genome
    threads: 4
    resources: tmpdir=/tmp

[Tue Jan 28 12:51:07 2025]
Finished job 72.
82 of 100 steps (82%) done
Removing temporary output .tmp/unfiltered_unique/CONTROL-rep1.genome.tsv.gz.
Removing temporary output .tmp/unfiltered_multi/CONTROL-rep1.genome.tsv.gz.
Removing temporary output .tmp/filtered_unique/CONTROL-rep1.genome.tsv.gz.
Removing temporary output .tmp/filtered_multi/CONTROL-rep1.genome.tsv.gz.
Select jobs to execute...
Execute 1 jobs...

[Tue Jan 28 12:51:07 2025]
localrule group_pileup:
    input: internal_files/count_sites/CONTROL-rep1.genome.arrow
    output: internal_files/group_sites/CONTROL.genome.arrow
    jobid: 80
    reason: Missing output files: internal_files/group_sites/CONTROL.genome.arrow; Input files updated by another job: internal_files/count_sites/CONTROL-rep1.genome.arrow
    wildcards: group=CONTROL, ref=genome
    threads: 6
    resources: tmpdir=/tmp

[Tue Jan 28 12:51:35 2025]
Finished job 80.
83 of 100 steps (83%) done
[Tue Jan 28 12:52:51 2025]
Finished job 87.
84 of 100 steps (84%) done
Select jobs to execute...
Execute 1 jobs...

[Tue Jan 28 12:52:51 2025]
localrule hisat2_3n_calling_filtered_unqiue:
    input: .tmp/hisat_converted/DRUG-rep1.genome.bam
    output: .tmp/filtered_unique/DRUG-rep1.genome.tsv.gz
    jobid: 86
    reason: Missing output files: .tmp/filtered_unique/DRUG-rep1.genome.tsv.gz; Input files updated by another job: .tmp/hisat_converted/DRUG-rep1.genome.bam
    wildcards: sample=DRUG-rep1, ref=genome
    threads: 16
    resources: tmpdir=/tmp

[Tue Jan 28 13:00:57 2025]
Finished job 90.
85 of 100 steps (85%) done
Select jobs to execute...
Execute 1 jobs...

[Tue Jan 28 13:00:57 2025]
localrule hisat2_3n_calling_filtered_multi:
    input: .tmp/hisat_converted/DRUG-rep1.genome.bam
    output: .tmp/filtered_multi/DRUG-rep1.genome.tsv.gz
    jobid: 88
    reason: Missing output files: .tmp/filtered_multi/DRUG-rep1.genome.tsv.gz; Input files updated by another job: .tmp/hisat_converted/DRUG-rep1.genome.bam
    wildcards: sample=DRUG-rep1, ref=genome
    threads: 16
    resources: tmpdir=/tmp

[Tue Jan 28 13:16:06 2025]
Finished job 95.
86 of 100 steps (86%) done
[Tue Jan 28 13:16:15 2025]
Finished job 93.
87 of 100 steps (87%) done
Removing temporary output .tmp/hisat_converted/DRUG-rep2.genome.bam.
[Tue Jan 28 13:35:49 2025]
Finished job 92.
88 of 100 steps (88%) done
Select jobs to execute...
Execute 1 jobs...

[Tue Jan 28 13:35:49 2025]
localrule join_pileup:
    input: .tmp/unfiltered_unique/DRUG-rep2.genome.tsv.gz, .tmp/unfiltered_multi/DRUG-rep2.genome.tsv.gz, .tmp/filtered_unique/DRUG-rep2.genome.tsv.gz, .tmp/filtered_multi/DRUG-rep2.genome.tsv.gz
    output: internal_files/count_sites/DRUG-rep2.genome.arrow
    jobid: 89
    reason: Missing output files: internal_files/count_sites/DRUG-rep2.genome.arrow; Input files updated by another job: .tmp/filtered_multi/DRUG-rep2.genome.tsv.gz, .tmp/unfiltered_unique/DRUG-rep2.genome.tsv.gz, .tmp/filtered_unique/DRUG-rep2.genome.tsv.gz, .tmp/unfiltered_multi/DRUG-rep2.genome.tsv.gz
    wildcards: sample=DRUG-rep2, ref=genome
    threads: 6
    resources: tmpdir=/tmp

[Tue Jan 28 13:37:28 2025]
Finished job 89.
89 of 100 steps (89%) done
Removing temporary output .tmp/unfiltered_unique/DRUG-rep2.genome.tsv.gz.
Removing temporary output .tmp/unfiltered_multi/DRUG-rep2.genome.tsv.gz.
Removing temporary output .tmp/filtered_unique/DRUG-rep2.genome.tsv.gz.
Removing temporary output .tmp/filtered_multi/DRUG-rep2.genome.tsv.gz.
[Tue Jan 28 13:38:44 2025]
Finished job 85.
90 of 100 steps (90%) done
[Tue Jan 28 13:40:06 2025]
Finished job 83.
91 of 100 steps (91%) done
[Tue Jan 28 13:43:46 2025]
Finished job 86.
92 of 100 steps (92%) done
[Tue Jan 28 13:50:51 2025]
Finished job 88.
93 of 100 steps (93%) done
Removing temporary output .tmp/hisat_converted/DRUG-rep1.genome.bam.
Select jobs to execute...
Execute 1 jobs...

[Tue Jan 28 13:50:51 2025]
localrule join_pileup:
    input: .tmp/unfiltered_unique/DRUG-rep1.genome.tsv.gz, .tmp/unfiltered_multi/DRUG-rep1.genome.tsv.gz, .tmp/filtered_unique/DRUG-rep1.genome.tsv.gz, .tmp/filtered_multi/DRUG-rep1.genome.tsv.gz
    output: internal_files/count_sites/DRUG-rep1.genome.arrow
    jobid: 82
    reason: Missing output files: internal_files/count_sites/DRUG-rep1.genome.arrow; Input files updated by another job: .tmp/filtered_unique/DRUG-rep1.genome.tsv.gz, .tmp/unfiltered_unique/DRUG-rep1.genome.tsv.gz, .tmp/filtered_multi/DRUG-rep1.genome.tsv.gz, .tmp/unfiltered_multi/DRUG-rep1.genome.tsv.gz
    wildcards: sample=DRUG-rep1, ref=genome
    threads: 6
    resources: tmpdir=/tmp

[Tue Jan 28 13:52:34 2025]
Finished job 82.
94 of 100 steps (94%) done
Removing temporary output .tmp/unfiltered_unique/DRUG-rep1.genome.tsv.gz.
Removing temporary output .tmp/unfiltered_multi/DRUG-rep1.genome.tsv.gz.
Removing temporary output .tmp/filtered_unique/DRUG-rep1.genome.tsv.gz.
Removing temporary output .tmp/filtered_multi/DRUG-rep1.genome.tsv.gz.
Select jobs to execute...
Execute 1 jobs...

[Tue Jan 28 13:52:34 2025]
localrule group_pileup:
    input: internal_files/count_sites/DRUG-rep1.genome.arrow, internal_files/count_sites/DRUG-rep2.genome.arrow
    output: internal_files/group_sites/DRUG.genome.arrow
    jobid: 81
    reason: Missing output files: internal_files/group_sites/DRUG.genome.arrow; Input files updated by another job: internal_files/count_sites/DRUG-rep1.genome.arrow, internal_files/count_sites/DRUG-rep2.genome.arrow
    wildcards: group=DRUG, ref=genome
    threads: 6
    resources: tmpdir=/tmp

[Tue Jan 28 13:54:23 2025]
Finished job 81.
95 of 100 steps (95%) done
Select jobs to execute...
Execute 1 jobs...

[Tue Jan 28 13:54:23 2025]
localrule combined_select_sites:
    input: internal_files/group_sites/CONTROL.genome.arrow, internal_files/group_sites/DRUG.genome.arrow
    output: detected_sites/prefilter/genome.tsv
    jobid: 79
    reason: Missing output files: detected_sites/prefilter/genome.tsv; Input files updated by another job: internal_files/group_sites/CONTROL.genome.arrow, internal_files/group_sites/DRUG.genome.arrow
    wildcards: ref=genome
    resources: tmpdir=/tmp

[Tue Jan 28 13:54:50 2025]
Finished job 79.
96 of 100 steps (96%) done
Select jobs to execute...
Execute 3 jobs...

[Tue Jan 28 13:54:50 2025]
localrule stat_sample_background:
    input: internal_files/count_sites/DRUG-rep1.genome.arrow, detected_sites/prefilter/genome.tsv
    output: detected_sites/background/DRUG-rep1.genome.tsv, detected_sites/filtered/DRUG-rep1.genome.tsv
    jobid: 97
    reason: Missing output files: detected_sites/filtered/DRUG-rep1.genome.tsv; Input files updated by another job: detected_sites/prefilter/genome.tsv, internal_files/count_sites/DRUG-rep1.genome.arrow
    wildcards: sample=DRUG-rep1, ref=genome
    threads: 2
    resources: tmpdir=/tmp


[Tue Jan 28 13:54:50 2025]
localrule stat_sample_background:
    input: internal_files/count_sites/DRUG-rep2.genome.arrow, detected_sites/prefilter/genome.tsv
    output: detected_sites/background/DRUG-rep2.genome.tsv, detected_sites/filtered/DRUG-rep2.genome.tsv
    jobid: 99
    reason: Missing output files: detected_sites/filtered/DRUG-rep2.genome.tsv; Input files updated by another job: detected_sites/prefilter/genome.tsv, internal_files/count_sites/DRUG-rep2.genome.arrow
    wildcards: sample=DRUG-rep2, ref=genome
    threads: 2
    resources: tmpdir=/tmp


[Tue Jan 28 13:54:50 2025]
localrule stat_sample_background:
    input: internal_files/count_sites/CONTROL-rep1.genome.arrow, detected_sites/prefilter/genome.tsv
    output: detected_sites/background/CONTROL-rep1.genome.tsv, detected_sites/filtered/CONTROL-rep1.genome.tsv
    jobid: 71
    reason: Missing output files: detected_sites/filtered/CONTROL-rep1.genome.tsv; Input files updated by another job: detected_sites/prefilter/genome.tsv, internal_files/count_sites/CONTROL-rep1.genome.arrow
    wildcards: sample=CONTROL-rep1, ref=genome
    threads: 2
    resources: tmpdir=/tmp

[Tue Jan 28 13:55:06 2025]
Finished job 71.
97 of 100 steps (97%) done
[Tue Jan 28 13:55:09 2025]
Finished job 99.
98 of 100 steps (98%) done
[Tue Jan 28 13:55:11 2025]
Finished job 97.
99 of 100 steps (99%) done
Select jobs to execute...
Execute 1 jobs...

[Tue Jan 28 13:55:11 2025]
localrule all:
    input: report_reads/mapped/CONTROL-rep1.tsv, report_reads/mapped/DRUG-rep1.tsv, report_reads/mapped/DRUG-rep2.tsv, internal_files/discarded_reads/CONTROL-rep1_run1_R1.unmapped.fq.gz, internal_files/discarded_reads/DRUG-rep1_run1_R1.unmapped.fq.gz, internal_files/discarded_reads/DRUG-rep2_run1_R1.unmapped.fq.gz, detected_sites/filtered/CONTROL-rep1.genes.tsv, detected_sites/filtered/CONTROL-rep1.genome.tsv, detected_sites/filtered/DRUG-rep1.genes.tsv, detected_sites/filtered/DRUG-rep1.genome.tsv, detected_sites/filtered/DRUG-rep2.genes.tsv, detected_sites/filtered/DRUG-rep2.genome.tsv
    jobid: 0
    reason: Input files updated by another job: detected_sites/filtered/CONTROL-rep1.genome.tsv, detected_sites/filtered/DRUG-rep2.genes.tsv, report_reads/mapped/DRUG-rep2.tsv, report_reads/mapped/CONTROL-rep1.tsv, internal_files/discarded_reads/CONTROL-rep1_run1_R1.unmapped.fq.gz, internal_files/discarded_reads/DRUG-rep2_run1_R1.unmapped.fq.gz, detected_sites/filtered/DRUG-rep1.genome.tsv, internal_files/discarded_reads/DRUG-rep1_run1_R1.unmapped.fq.gz, report_reads/mapped/DRUG-rep1.tsv, detected_sites/filtered/DRUG-rep2.genome.tsv, detected_sites/filtered/DRUG-rep1.genes.tsv, detected_sites/filtered/CONTROL-rep1.genes.tsv
    resources: tmpdir=/tmp

[Tue Jan 28 13:55:11 2025]
Finished job 0.
100 of 100 steps (100%) done
Complete log: .snakemake/log/2025-01-28T110708.346593.snakemake.log
AttributeError in file /home/milefer7/myRes/ASC25-m5C/Snakefile, line 29:
'Workflow' object has no attribute 'runtime'
  File "/home/milefer7/miniconda3/envs/asc04/lib/python3.11/string.py", line 190, in format
  File "/home/milefer7/miniconda3/envs/asc04/lib/python3.11/string.py", line 194, in vformat
  File "/home/milefer7/miniconda3/envs/asc04/lib/python3.11/string.py", line 234, in _vformat
  File "/home/milefer7/miniconda3/envs/asc04/lib/python3.11/string.py", line 305, in get_field
