host: saas-de-qiysss-proj1-d535-5969dc4d5d-hjfxc
Building DAG of jobs...
Using shell: /usr/bin/bash
Provided cores: 112
Rules claiming more threads will be scaled down.
Job stats:
job                                    count
-----------------------------------  -------
all                                        1
combine_runs                               9
combined_select_sites                      2
cutadapt_SE                                3
dedup_mapping                              6
extract_unmap_bam_final_SE                 3
extract_unmap_bam_internal_SE              9
group_pileup                               2
hisat2_3n_calling_filtered_multi           6
hisat2_3n_calling_filtered_unqiue          6
hisat2_3n_calling_unfiltered_multi         6
hisat2_3n_calling_unfiltered_unique        6
hisat2_3n_filtering                        6
hisat2_3n_mapping_contamination_SE         3
hisat2_3n_mapping_genes_SE                 3
hisat2_3n_mapping_genome_SE                3
hisat2_3n_sort                             9
join_pileup                                6
prepare_genes_index                        1
stat_mapping_number                        3
stat_sample_background                     6
total                                     99

Select jobs to execute...
Execute 3 jobs...

[Tue Feb 11 17:01:40 2025]
localrule cutadapt_SE:
    input: ../data/samples/SRR23538291_1.fastq.gz
    output: .tmp/cut_adapter_SE/SRR23538291_run1_R1.fq.gz, internal_files/discarded_reads/SRR23538291_run1_R1.tooshort.fq.gz, internal_files/discarded_reads/SRR23538291_run1_R1.untrimmed.fq.gz
    jobid: 19
    reason: Missing output files: .tmp/cut_adapter_SE/SRR23538291_run1_R1.fq.gz
    wildcards: sample=SRR23538291, rn=run1
    threads: 36
    resources: tmpdir=/tmp


[Tue Feb 11 17:01:40 2025]
localrule cutadapt_SE:
    input: ../data/samples/SRR23538290_1.fastq.gz
    output: .tmp/cut_adapter_SE/SRR23538290_run1_R1.fq.gz, internal_files/discarded_reads/SRR23538290_run1_R1.tooshort.fq.gz, internal_files/discarded_reads/SRR23538290_run1_R1.untrimmed.fq.gz
    jobid: 5
    reason: Missing output files: .tmp/cut_adapter_SE/SRR23538290_run1_R1.fq.gz
    wildcards: sample=SRR23538290, rn=run1
    threads: 36
    resources: tmpdir=/tmp


[Tue Feb 11 17:01:40 2025]
localrule cutadapt_SE:
    input: ../data/samples/SRR23538292_1.fastq.gz
    output: .tmp/cut_adapter_SE/SRR23538292_run1_R1.fq.gz, internal_files/discarded_reads/SRR23538292_run1_R1.tooshort.fq.gz, internal_files/discarded_reads/SRR23538292_run1_R1.untrimmed.fq.gz
    jobid: 32
    reason: Missing output files: .tmp/cut_adapter_SE/SRR23538292_run1_R1.fq.gz
    wildcards: sample=SRR23538292, rn=run1
    threads: 36
    resources: tmpdir=/tmp

[Tue Feb 11 17:04:28 2025]
Finished job 5.
1 of 99 steps (1%) done
Select jobs to execute...
Execute 2 jobs...

[Tue Feb 11 17:04:28 2025]
localrule prepare_genes_index:
    input: ../data/ref/fastq/NSUN2.fa, ../data/ref/fastq/DNMT2.fa
    output: prepared_genes/genes.fa, prepared_genes/genes.3n.CT.1.ht2
    jobid: 10
    reason: Missing output files: prepared_genes/genes.3n.CT.1.ht2
    threads: 12
    resources: tmpdir=/tmp


[Tue Feb 11 17:04:28 2025]
localrule hisat2_3n_mapping_contamination_SE:
    input: .tmp/cut_adapter_SE/SRR23538290_run1_R1.fq.gz
    output: .tmp/mapping_unsorted_SE/SRR23538290_run1.contamination.bam, .tmp/mapping_discarded_SE/SRR23538290_run1.contamination.bam, report_reads/mapping/SRR23538290_run1.contamination.summary
    jobid: 4
    reason: Missing output files: .tmp/mapping_unsorted_SE/SRR23538290_run1.contamination.bam, .tmp/mapping_discarded_SE/SRR23538290_run1.contamination.bam; Input files updated by another job: .tmp/cut_adapter_SE/SRR23538290_run1_R1.fq.gz
    wildcards: sample=SRR23538290, rn=run1
    threads: 10
    resources: tmpdir=/tmp

[Tue Feb 11 17:04:29 2025]
Finished job 10.
2 of 99 steps (2%) done
[Tue Feb 11 17:05:02 2025]
Finished job 32.
3 of 99 steps (3%) done
Select jobs to execute...
Execute 1 jobs...

[Tue Feb 11 17:05:02 2025]
localrule hisat2_3n_mapping_contamination_SE:
    input: .tmp/cut_adapter_SE/SRR23538292_run1_R1.fq.gz
    output: .tmp/mapping_unsorted_SE/SRR23538292_run1.contamination.bam, .tmp/mapping_discarded_SE/SRR23538292_run1.contamination.bam, report_reads/mapping/SRR23538292_run1.contamination.summary
    jobid: 31
    reason: Missing output files: .tmp/mapping_unsorted_SE/SRR23538292_run1.contamination.bam, .tmp/mapping_discarded_SE/SRR23538292_run1.contamination.bam; Input files updated by another job: .tmp/cut_adapter_SE/SRR23538292_run1_R1.fq.gz
    wildcards: sample=SRR23538292, rn=run1
    threads: 10
    resources: tmpdir=/tmp

[Tue Feb 11 17:05:25 2025]
Finished job 19.
4 of 99 steps (4%) done
Select jobs to execute...
Execute 1 jobs...

[Tue Feb 11 17:05:25 2025]
localrule hisat2_3n_mapping_contamination_SE:
    input: .tmp/cut_adapter_SE/SRR23538291_run1_R1.fq.gz
    output: .tmp/mapping_unsorted_SE/SRR23538291_run1.contamination.bam, .tmp/mapping_discarded_SE/SRR23538291_run1.contamination.bam, report_reads/mapping/SRR23538291_run1.contamination.summary
    jobid: 18
    reason: Missing output files: .tmp/mapping_discarded_SE/SRR23538291_run1.contamination.bam, .tmp/mapping_unsorted_SE/SRR23538291_run1.contamination.bam; Input files updated by another job: .tmp/cut_adapter_SE/SRR23538291_run1_R1.fq.gz
    wildcards: sample=SRR23538291, rn=run1
    threads: 10
    resources: tmpdir=/tmp

[Tue Feb 11 17:11:14 2025]
Finished job 4.
5 of 99 steps (5%) done
Removing temporary output .tmp/cut_adapter_SE/SRR23538290_run1_R1.fq.gz.
Select jobs to execute...
Execute 2 jobs...

[Tue Feb 11 17:11:15 2025]
localrule hisat2_3n_sort:
    input: .tmp/mapping_unsorted_SE/SRR23538290_run1.contamination.bam
    output: internal_files/run_sorted/SRR23538290_run1.contamination.bam
    jobid: 3
    reason: Missing output files: internal_files/run_sorted/SRR23538290_run1.contamination.bam; Input files updated by another job: .tmp/mapping_unsorted_SE/SRR23538290_run1.contamination.bam
    wildcards: sample=SRR23538290, rn=run1, ref=contamination
    threads: 4
    resources: tmpdir=/tmp


[Tue Feb 11 17:11:15 2025]
localrule extract_unmap_bam_internal_SE:
    input: .tmp/mapping_discarded_SE/SRR23538290_run1.contamination.bam
    output: .tmp/unmapped_internal_SE/SRR23538290_run1_R1.contamination.fq.gz
    jobid: 9
    reason: Missing output files: .tmp/unmapped_internal_SE/SRR23538290_run1_R1.contamination.fq.gz; Input files updated by another job: .tmp/mapping_discarded_SE/SRR23538290_run1.contamination.bam
    wildcards: sample=SRR23538290, rn=run1, reftype=contamination
    threads: 4
    resources: tmpdir=/tmp

[Tue Feb 11 17:11:16 2025]
Finished job 3.
6 of 99 steps (6%) done
Removing temporary output .tmp/mapping_unsorted_SE/SRR23538290_run1.contamination.bam.
Select jobs to execute...
Execute 1 jobs...

[Tue Feb 11 17:11:16 2025]
localrule combine_runs:
    input: internal_files/run_sorted/SRR23538290_run1.contamination.bam
    output: .tmp/combined_mapping/SRR23538290.contamination.bam
    jobid: 2
    reason: Missing output files: .tmp/combined_mapping/SRR23538290.contamination.bam; Input files updated by another job: internal_files/run_sorted/SRR23538290_run1.contamination.bam
    wildcards: sample=SRR23538290, ref=contamination
    threads: 8
    resources: tmpdir=/tmp

[Tue Feb 11 17:11:17 2025]
Finished job 2.
7 of 99 steps (7%) done
[Tue Feb 11 17:12:02 2025]
Finished job 9.
8 of 99 steps (8%) done
Removing temporary output .tmp/mapping_discarded_SE/SRR23538290_run1.contamination.bam.
Select jobs to execute...
Execute 1 jobs...

[Tue Feb 11 17:12:02 2025]
localrule hisat2_3n_mapping_genes_SE:
    input: .tmp/unmapped_internal_SE/SRR23538290_run1_R1.contamination.fq.gz, prepared_genes/genes.3n.CT.1.ht2
    output: .tmp/mapping_unsorted_SE/SRR23538290_run1.genes.bam, .tmp/mapping_discarded_SE/SRR23538290_run1.genes.bam, report_reads/mapping/SRR23538290_run1.genes.summary
    jobid: 8
    reason: Missing output files: .tmp/mapping_discarded_SE/SRR23538290_run1.genes.bam, .tmp/mapping_unsorted_SE/SRR23538290_run1.genes.bam; Input files updated by another job: prepared_genes/genes.3n.CT.1.ht2, .tmp/unmapped_internal_SE/SRR23538290_run1_R1.contamination.fq.gz
    wildcards: sample=SRR23538290, rn=run1
    threads: 10
    resources: tmpdir=/tmp

[Tue Feb 11 17:13:12 2025]
Finished job 31.
9 of 99 steps (9%) done
Removing temporary output .tmp/cut_adapter_SE/SRR23538292_run1_R1.fq.gz.
Select jobs to execute...
Execute 2 jobs...

[Tue Feb 11 17:13:12 2025]
localrule hisat2_3n_sort:
    input: .tmp/mapping_unsorted_SE/SRR23538292_run1.contamination.bam
    output: internal_files/run_sorted/SRR23538292_run1.contamination.bam
    jobid: 30
    reason: Missing output files: internal_files/run_sorted/SRR23538292_run1.contamination.bam; Input files updated by another job: .tmp/mapping_unsorted_SE/SRR23538292_run1.contamination.bam
    wildcards: sample=SRR23538292, rn=run1, ref=contamination
    threads: 4
    resources: tmpdir=/tmp


[Tue Feb 11 17:13:12 2025]
localrule extract_unmap_bam_internal_SE:
    input: .tmp/mapping_discarded_SE/SRR23538292_run1.contamination.bam
    output: .tmp/unmapped_internal_SE/SRR23538292_run1_R1.contamination.fq.gz
    jobid: 36
    reason: Missing output files: .tmp/unmapped_internal_SE/SRR23538292_run1_R1.contamination.fq.gz; Input files updated by another job: .tmp/mapping_discarded_SE/SRR23538292_run1.contamination.bam
    wildcards: sample=SRR23538292, rn=run1, reftype=contamination
    threads: 4
    resources: tmpdir=/tmp

[Tue Feb 11 17:13:14 2025]
Finished job 30.
10 of 99 steps (10%) done
Removing temporary output .tmp/mapping_unsorted_SE/SRR23538292_run1.contamination.bam.
Select jobs to execute...
Execute 1 jobs...

[Tue Feb 11 17:13:14 2025]
localrule combine_runs:
    input: internal_files/run_sorted/SRR23538292_run1.contamination.bam
    output: .tmp/combined_mapping/SRR23538292.contamination.bam
    jobid: 29
    reason: Missing output files: .tmp/combined_mapping/SRR23538292.contamination.bam; Input files updated by another job: internal_files/run_sorted/SRR23538292_run1.contamination.bam
    wildcards: sample=SRR23538292, ref=contamination
    threads: 8
    resources: tmpdir=/tmp

[Tue Feb 11 17:13:15 2025]
Finished job 29.
11 of 99 steps (11%) done
[Tue Feb 11 17:14:10 2025]
Finished job 36.
12 of 99 steps (12%) done
Removing temporary output .tmp/mapping_discarded_SE/SRR23538292_run1.contamination.bam.
Select jobs to execute...
Execute 1 jobs...

[Tue Feb 11 17:14:11 2025]
localrule hisat2_3n_mapping_genes_SE:
    input: .tmp/unmapped_internal_SE/SRR23538292_run1_R1.contamination.fq.gz, prepared_genes/genes.3n.CT.1.ht2
    output: .tmp/mapping_unsorted_SE/SRR23538292_run1.genes.bam, .tmp/mapping_discarded_SE/SRR23538292_run1.genes.bam, report_reads/mapping/SRR23538292_run1.genes.summary
    jobid: 35
    reason: Missing output files: .tmp/mapping_unsorted_SE/SRR23538292_run1.genes.bam, .tmp/mapping_discarded_SE/SRR23538292_run1.genes.bam; Input files updated by another job: prepared_genes/genes.3n.CT.1.ht2, .tmp/unmapped_internal_SE/SRR23538292_run1_R1.contamination.fq.gz
    wildcards: sample=SRR23538292, rn=run1
    threads: 10
    resources: tmpdir=/tmp

[Tue Feb 11 17:14:34 2025]
Finished job 18.
13 of 99 steps (13%) done
Removing temporary output .tmp/cut_adapter_SE/SRR23538291_run1_R1.fq.gz.
Select jobs to execute...
Execute 2 jobs...

[Tue Feb 11 17:14:34 2025]
localrule hisat2_3n_sort:
    input: .tmp/mapping_unsorted_SE/SRR23538291_run1.contamination.bam
    output: internal_files/run_sorted/SRR23538291_run1.contamination.bam
    jobid: 17
    reason: Missing output files: internal_files/run_sorted/SRR23538291_run1.contamination.bam; Input files updated by another job: .tmp/mapping_unsorted_SE/SRR23538291_run1.contamination.bam
    wildcards: sample=SRR23538291, rn=run1, ref=contamination
    threads: 4
    resources: tmpdir=/tmp


[Tue Feb 11 17:14:34 2025]
localrule extract_unmap_bam_internal_SE:
    input: .tmp/mapping_discarded_SE/SRR23538291_run1.contamination.bam
    output: .tmp/unmapped_internal_SE/SRR23538291_run1_R1.contamination.fq.gz
    jobid: 23
    reason: Missing output files: .tmp/unmapped_internal_SE/SRR23538291_run1_R1.contamination.fq.gz; Input files updated by another job: .tmp/mapping_discarded_SE/SRR23538291_run1.contamination.bam
    wildcards: sample=SRR23538291, rn=run1, reftype=contamination
    threads: 4
    resources: tmpdir=/tmp

[Tue Feb 11 17:14:36 2025]
Finished job 17.
14 of 99 steps (14%) done
Removing temporary output .tmp/mapping_unsorted_SE/SRR23538291_run1.contamination.bam.
Select jobs to execute...
Execute 1 jobs...

[Tue Feb 11 17:14:36 2025]
localrule combine_runs:
    input: internal_files/run_sorted/SRR23538291_run1.contamination.bam
    output: .tmp/combined_mapping/SRR23538291.contamination.bam
    jobid: 16
    reason: Missing output files: .tmp/combined_mapping/SRR23538291.contamination.bam; Input files updated by another job: internal_files/run_sorted/SRR23538291_run1.contamination.bam
    wildcards: sample=SRR23538291, ref=contamination
    threads: 8
    resources: tmpdir=/tmp

[Tue Feb 11 17:14:37 2025]
Finished job 16.
15 of 99 steps (15%) done
[Tue Feb 11 17:15:39 2025]
Finished job 23.
16 of 99 steps (16%) done
Removing temporary output .tmp/mapping_discarded_SE/SRR23538291_run1.contamination.bam.
Select jobs to execute...
Execute 1 jobs...

[Tue Feb 11 17:15:39 2025]
localrule hisat2_3n_mapping_genes_SE:
    input: .tmp/unmapped_internal_SE/SRR23538291_run1_R1.contamination.fq.gz, prepared_genes/genes.3n.CT.1.ht2
    output: .tmp/mapping_unsorted_SE/SRR23538291_run1.genes.bam, .tmp/mapping_discarded_SE/SRR23538291_run1.genes.bam, report_reads/mapping/SRR23538291_run1.genes.summary
    jobid: 22
    reason: Missing output files: .tmp/mapping_discarded_SE/SRR23538291_run1.genes.bam, .tmp/mapping_unsorted_SE/SRR23538291_run1.genes.bam; Input files updated by another job: prepared_genes/genes.3n.CT.1.ht2, .tmp/unmapped_internal_SE/SRR23538291_run1_R1.contamination.fq.gz
    wildcards: sample=SRR23538291, rn=run1
    threads: 10
    resources: tmpdir=/tmp

[Tue Feb 11 17:18:44 2025]
Finished job 8.
17 of 99 steps (17%) done
Removing temporary output .tmp/unmapped_internal_SE/SRR23538290_run1_R1.contamination.fq.gz.
Select jobs to execute...
Execute 2 jobs...

[Tue Feb 11 17:18:44 2025]
localrule hisat2_3n_sort:
    input: .tmp/mapping_unsorted_SE/SRR23538290_run1.genes.bam
    output: internal_files/run_sorted/SRR23538290_run1.genes.bam
    jobid: 7
    reason: Missing output files: internal_files/run_sorted/SRR23538290_run1.genes.bam; Input files updated by another job: .tmp/mapping_unsorted_SE/SRR23538290_run1.genes.bam
    wildcards: sample=SRR23538290, rn=run1, ref=genes
    threads: 4
    resources: tmpdir=/tmp


[Tue Feb 11 17:18:44 2025]
localrule extract_unmap_bam_internal_SE:
    input: .tmp/mapping_discarded_SE/SRR23538290_run1.genes.bam
    output: .tmp/unmapped_internal_SE/SRR23538290_run1_R1.genes.fq.gz
    jobid: 14
    reason: Missing output files: .tmp/unmapped_internal_SE/SRR23538290_run1_R1.genes.fq.gz; Input files updated by another job: .tmp/mapping_discarded_SE/SRR23538290_run1.genes.bam
    wildcards: sample=SRR23538290, rn=run1, reftype=genes
    threads: 4
    resources: tmpdir=/tmp

[Tue Feb 11 17:18:44 2025]
Finished job 7.
18 of 99 steps (18%) done
Removing temporary output .tmp/mapping_unsorted_SE/SRR23538290_run1.genes.bam.
Select jobs to execute...
Execute 1 jobs...

[Tue Feb 11 17:18:44 2025]
localrule combine_runs:
    input: internal_files/run_sorted/SRR23538290_run1.genes.bam
    output: .tmp/combined_mapping/SRR23538290.genes.bam
    jobid: 6
    reason: Missing output files: .tmp/combined_mapping/SRR23538290.genes.bam; Input files updated by another job: internal_files/run_sorted/SRR23538290_run1.genes.bam
    wildcards: sample=SRR23538290, ref=genes
    threads: 8
    resources: tmpdir=/tmp

[Tue Feb 11 17:18:45 2025]
Finished job 6.
19 of 99 steps (19%) done
Select jobs to execute...
Execute 1 jobs...

[Tue Feb 11 17:18:45 2025]
localrule dedup_mapping:
    input: .tmp/combined_mapping/SRR23538290.genes.bam
    output: internal_files/aligned_bam/SRR23538290.genes.bam, report_reads/dedup/SRR23538290.genes.log
    jobid: 50
    reason: Missing output files: internal_files/aligned_bam/SRR23538290.genes.bam; Input files updated by another job: .tmp/combined_mapping/SRR23538290.genes.bam
    wildcards: sample=SRR23538290, ref=genes
    threads: 3
    resources: tmpdir=/tmp

[Tue Feb 11 17:18:49 2025]
Finished job 50.
20 of 99 steps (20%) done
Select jobs to execute...
Execute 3 jobs...

[Tue Feb 11 17:18:49 2025]
localrule hisat2_3n_calling_unfiltered_unique:
    input: internal_files/aligned_bam/SRR23538290.genes.bam
    output: .tmp/unfiltered_unique/SRR23538290.genes.tsv.gz
    jobid: 49
    reason: Missing output files: .tmp/unfiltered_unique/SRR23538290.genes.tsv.gz; Input files updated by another job: internal_files/aligned_bam/SRR23538290.genes.bam
    wildcards: sample=SRR23538290, ref=genes
    threads: 5
    resources: tmpdir=/tmp


[Tue Feb 11 17:18:49 2025]
localrule hisat2_3n_filtering:
    input: internal_files/aligned_bam/SRR23538290.genes.bam
    output: .tmp/hisat_converted/SRR23538290.genes.bam
    jobid: 53
    reason: Missing output files: .tmp/hisat_converted/SRR23538290.genes.bam; Input files updated by another job: internal_files/aligned_bam/SRR23538290.genes.bam
    wildcards: sample=SRR23538290, ref=genes
    threads: 4
    resources: tmpdir=/tmp


[Tue Feb 11 17:18:49 2025]
localrule hisat2_3n_calling_unfiltered_multi:
    input: internal_files/aligned_bam/SRR23538290.genes.bam
    output: .tmp/unfiltered_multi/SRR23538290.genes.tsv.gz
    jobid: 51
    reason: Missing output files: .tmp/unfiltered_multi/SRR23538290.genes.tsv.gz; Input files updated by another job: internal_files/aligned_bam/SRR23538290.genes.bam
    wildcards: sample=SRR23538290, ref=genes
    threads: 5
    resources: tmpdir=/tmp

[Tue Feb 11 17:18:49 2025]
Finished job 53.
21 of 99 steps (21%) done
Select jobs to execute...
Execute 2 jobs...

[Tue Feb 11 17:18:49 2025]
localrule hisat2_3n_calling_filtered_unqiue:
    input: .tmp/hisat_converted/SRR23538290.genes.bam
    output: .tmp/filtered_unique/SRR23538290.genes.tsv.gz
    jobid: 52
    reason: Missing output files: .tmp/filtered_unique/SRR23538290.genes.tsv.gz; Input files updated by another job: .tmp/hisat_converted/SRR23538290.genes.bam
    wildcards: sample=SRR23538290, ref=genes
    threads: 5
    resources: tmpdir=/tmp


[Tue Feb 11 17:18:49 2025]
localrule hisat2_3n_calling_filtered_multi:
    input: .tmp/hisat_converted/SRR23538290.genes.bam
    output: .tmp/filtered_multi/SRR23538290.genes.tsv.gz
    jobid: 54
    reason: Missing output files: .tmp/filtered_multi/SRR23538290.genes.tsv.gz; Input files updated by another job: .tmp/hisat_converted/SRR23538290.genes.bam
    wildcards: sample=SRR23538290, ref=genes
    threads: 5
    resources: tmpdir=/tmp

[Tue Feb 11 17:18:53 2025]
Finished job 51.
22 of 99 steps (22%) done
[Tue Feb 11 17:18:53 2025]
Finished job 49.
23 of 99 steps (23%) done
[Tue Feb 11 17:18:53 2025]
Finished job 52.
24 of 99 steps (24%) done
[Tue Feb 11 17:18:53 2025]
Finished job 54.
25 of 99 steps (25%) done
Removing temporary output .tmp/hisat_converted/SRR23538290.genes.bam.
Select jobs to execute...
Execute 1 jobs...

[Tue Feb 11 17:18:53 2025]
localrule join_pileup:
    input: .tmp/unfiltered_unique/SRR23538290.genes.tsv.gz, .tmp/unfiltered_multi/SRR23538290.genes.tsv.gz, .tmp/filtered_unique/SRR23538290.genes.tsv.gz, .tmp/filtered_multi/SRR23538290.genes.tsv.gz
    output: internal_files/count_sites/SRR23538290.genes.arrow
    jobid: 48
    reason: Missing output files: internal_files/count_sites/SRR23538290.genes.arrow; Input files updated by another job: .tmp/unfiltered_multi/SRR23538290.genes.tsv.gz, .tmp/unfiltered_unique/SRR23538290.genes.tsv.gz, .tmp/filtered_multi/SRR23538290.genes.tsv.gz, .tmp/filtered_unique/SRR23538290.genes.tsv.gz
    wildcards: sample=SRR23538290, ref=genes
    threads: 6
    resources: tmpdir=/tmp

[Tue Feb 11 17:18:53 2025]
Finished job 48.
26 of 99 steps (26%) done
Removing temporary output .tmp/unfiltered_unique/SRR23538290.genes.tsv.gz.
Removing temporary output .tmp/unfiltered_multi/SRR23538290.genes.tsv.gz.
Removing temporary output .tmp/filtered_unique/SRR23538290.genes.tsv.gz.
Removing temporary output .tmp/filtered_multi/SRR23538290.genes.tsv.gz.
[Tue Feb 11 17:19:32 2025]
Finished job 14.
27 of 99 steps (27%) done
Removing temporary output .tmp/mapping_discarded_SE/SRR23538290_run1.genes.bam.
Select jobs to execute...
Execute 1 jobs...

[Tue Feb 11 17:19:33 2025]
localrule hisat2_3n_mapping_genome_SE:
    input: .tmp/unmapped_internal_SE/SRR23538290_run1_R1.genes.fq.gz
    output: .tmp/mapping_unsorted_SE/SRR23538290_run1.genome.bam, .tmp/mapping_discarded_SE/SRR23538290_run1.genome.bam, report_reads/mapping/SRR23538290_run1.genome.summary
    jobid: 13
    reason: Missing output files: .tmp/mapping_unsorted_SE/SRR23538290_run1.genome.bam, .tmp/mapping_discarded_SE/SRR23538290_run1.genome.bam; Input files updated by another job: .tmp/unmapped_internal_SE/SRR23538290_run1_R1.genes.fq.gz
    wildcards: sample=SRR23538290, rn=run1
    threads: 28
    resources: tmpdir=/tmp

[Tue Feb 11 17:22:23 2025]
Finished job 35.
28 of 99 steps (28%) done
Removing temporary output .tmp/unmapped_internal_SE/SRR23538292_run1_R1.contamination.fq.gz.
Select jobs to execute...
Execute 2 jobs...

[Tue Feb 11 17:22:23 2025]
localrule hisat2_3n_sort:
    input: .tmp/mapping_unsorted_SE/SRR23538292_run1.genes.bam
    output: internal_files/run_sorted/SRR23538292_run1.genes.bam
    jobid: 34
    reason: Missing output files: internal_files/run_sorted/SRR23538292_run1.genes.bam; Input files updated by another job: .tmp/mapping_unsorted_SE/SRR23538292_run1.genes.bam
    wildcards: sample=SRR23538292, rn=run1, ref=genes
    threads: 4
    resources: tmpdir=/tmp


[Tue Feb 11 17:22:23 2025]
localrule extract_unmap_bam_internal_SE:
    input: .tmp/mapping_discarded_SE/SRR23538292_run1.genes.bam
    output: .tmp/unmapped_internal_SE/SRR23538292_run1_R1.genes.fq.gz
    jobid: 40
    reason: Missing output files: .tmp/unmapped_internal_SE/SRR23538292_run1_R1.genes.fq.gz; Input files updated by another job: .tmp/mapping_discarded_SE/SRR23538292_run1.genes.bam
    wildcards: sample=SRR23538292, rn=run1, reftype=genes
    threads: 4
    resources: tmpdir=/tmp

[Tue Feb 11 17:22:24 2025]
Finished job 34.
29 of 99 steps (29%) done
Removing temporary output .tmp/mapping_unsorted_SE/SRR23538292_run1.genes.bam.
Select jobs to execute...
Execute 1 jobs...

[Tue Feb 11 17:22:24 2025]
localrule combine_runs:
    input: internal_files/run_sorted/SRR23538292_run1.genes.bam
    output: .tmp/combined_mapping/SRR23538292.genes.bam
    jobid: 33
    reason: Missing output files: .tmp/combined_mapping/SRR23538292.genes.bam; Input files updated by another job: internal_files/run_sorted/SRR23538292_run1.genes.bam
    wildcards: sample=SRR23538292, ref=genes
    threads: 8
    resources: tmpdir=/tmp

[Tue Feb 11 17:22:24 2025]
Finished job 33.
30 of 99 steps (30%) done
Select jobs to execute...
Execute 1 jobs...

[Tue Feb 11 17:22:24 2025]
localrule dedup_mapping:
    input: .tmp/combined_mapping/SRR23538292.genes.bam
    output: internal_files/aligned_bam/SRR23538292.genes.bam, report_reads/dedup/SRR23538292.genes.log
    jobid: 66
    reason: Missing output files: internal_files/aligned_bam/SRR23538292.genes.bam; Input files updated by another job: .tmp/combined_mapping/SRR23538292.genes.bam
    wildcards: sample=SRR23538292, ref=genes
    threads: 3
    resources: tmpdir=/tmp

[Tue Feb 11 17:22:30 2025]
Finished job 66.
31 of 99 steps (31%) done
Select jobs to execute...
Execute 3 jobs...

[Tue Feb 11 17:22:30 2025]
localrule hisat2_3n_calling_unfiltered_multi:
    input: internal_files/aligned_bam/SRR23538292.genes.bam
    output: .tmp/unfiltered_multi/SRR23538292.genes.tsv.gz
    jobid: 67
    reason: Missing output files: .tmp/unfiltered_multi/SRR23538292.genes.tsv.gz; Input files updated by another job: internal_files/aligned_bam/SRR23538292.genes.bam
    wildcards: sample=SRR23538292, ref=genes
    threads: 5
    resources: tmpdir=/tmp


[Tue Feb 11 17:22:30 2025]
localrule hisat2_3n_filtering:
    input: internal_files/aligned_bam/SRR23538292.genes.bam
    output: .tmp/hisat_converted/SRR23538292.genes.bam
    jobid: 69
    reason: Missing output files: .tmp/hisat_converted/SRR23538292.genes.bam; Input files updated by another job: internal_files/aligned_bam/SRR23538292.genes.bam
    wildcards: sample=SRR23538292, ref=genes
    threads: 4
    resources: tmpdir=/tmp


[Tue Feb 11 17:22:30 2025]
localrule hisat2_3n_calling_unfiltered_unique:
    input: internal_files/aligned_bam/SRR23538292.genes.bam
    output: .tmp/unfiltered_unique/SRR23538292.genes.tsv.gz
    jobid: 65
    reason: Missing output files: .tmp/unfiltered_unique/SRR23538292.genes.tsv.gz; Input files updated by another job: internal_files/aligned_bam/SRR23538292.genes.bam
    wildcards: sample=SRR23538292, ref=genes
    threads: 5
    resources: tmpdir=/tmp

[Tue Feb 11 17:22:31 2025]
Finished job 69.
32 of 99 steps (32%) done
Select jobs to execute...
Execute 2 jobs...

[Tue Feb 11 17:22:31 2025]
localrule hisat2_3n_calling_filtered_unqiue:
    input: .tmp/hisat_converted/SRR23538292.genes.bam
    output: .tmp/filtered_unique/SRR23538292.genes.tsv.gz
    jobid: 68
    reason: Missing output files: .tmp/filtered_unique/SRR23538292.genes.tsv.gz; Input files updated by another job: .tmp/hisat_converted/SRR23538292.genes.bam
    wildcards: sample=SRR23538292, ref=genes
    threads: 5
    resources: tmpdir=/tmp


[Tue Feb 11 17:22:31 2025]
localrule hisat2_3n_calling_filtered_multi:
    input: .tmp/hisat_converted/SRR23538292.genes.bam
    output: .tmp/filtered_multi/SRR23538292.genes.tsv.gz
    jobid: 70
    reason: Missing output files: .tmp/filtered_multi/SRR23538292.genes.tsv.gz; Input files updated by another job: .tmp/hisat_converted/SRR23538292.genes.bam
    wildcards: sample=SRR23538292, ref=genes
    threads: 5
    resources: tmpdir=/tmp

[Tue Feb 11 17:22:35 2025]
Finished job 65.
33 of 99 steps (33%) done
[Tue Feb 11 17:22:36 2025]
Finished job 67.
34 of 99 steps (34%) done
[Tue Feb 11 17:22:36 2025]
Finished job 68.
35 of 99 steps (35%) done
[Tue Feb 11 17:22:36 2025]
Finished job 70.
36 of 99 steps (36%) done
Removing temporary output .tmp/hisat_converted/SRR23538292.genes.bam.
Select jobs to execute...
Execute 1 jobs...

[Tue Feb 11 17:22:36 2025]
localrule join_pileup:
    input: .tmp/unfiltered_unique/SRR23538292.genes.tsv.gz, .tmp/unfiltered_multi/SRR23538292.genes.tsv.gz, .tmp/filtered_unique/SRR23538292.genes.tsv.gz, .tmp/filtered_multi/SRR23538292.genes.tsv.gz
    output: internal_files/count_sites/SRR23538292.genes.arrow
    jobid: 64
    reason: Missing output files: internal_files/count_sites/SRR23538292.genes.arrow; Input files updated by another job: .tmp/filtered_unique/SRR23538292.genes.tsv.gz, .tmp/unfiltered_multi/SRR23538292.genes.tsv.gz, .tmp/filtered_multi/SRR23538292.genes.tsv.gz, .tmp/unfiltered_unique/SRR23538292.genes.tsv.gz
    wildcards: sample=SRR23538292, ref=genes
    threads: 6
    resources: tmpdir=/tmp

[Tue Feb 11 17:22:37 2025]
Finished job 64.
37 of 99 steps (37%) done
Removing temporary output .tmp/unfiltered_unique/SRR23538292.genes.tsv.gz.
Removing temporary output .tmp/unfiltered_multi/SRR23538292.genes.tsv.gz.
Removing temporary output .tmp/filtered_unique/SRR23538292.genes.tsv.gz.
Removing temporary output .tmp/filtered_multi/SRR23538292.genes.tsv.gz.
[Tue Feb 11 17:23:24 2025]
Finished job 40.
38 of 99 steps (38%) done
Removing temporary output .tmp/mapping_discarded_SE/SRR23538292_run1.genes.bam.
Select jobs to execute...
Execute 1 jobs...

[Tue Feb 11 17:23:25 2025]
localrule hisat2_3n_mapping_genome_SE:
    input: .tmp/unmapped_internal_SE/SRR23538292_run1_R1.genes.fq.gz
    output: .tmp/mapping_unsorted_SE/SRR23538292_run1.genome.bam, .tmp/mapping_discarded_SE/SRR23538292_run1.genome.bam, report_reads/mapping/SRR23538292_run1.genome.summary
    jobid: 39
    reason: Missing output files: .tmp/mapping_unsorted_SE/SRR23538292_run1.genome.bam, .tmp/mapping_discarded_SE/SRR23538292_run1.genome.bam; Input files updated by another job: .tmp/unmapped_internal_SE/SRR23538292_run1_R1.genes.fq.gz
    wildcards: sample=SRR23538292, rn=run1
    threads: 28
    resources: tmpdir=/tmp

[Tue Feb 11 17:25:02 2025]
Finished job 22.
39 of 99 steps (39%) done
Removing temporary output .tmp/unmapped_internal_SE/SRR23538291_run1_R1.contamination.fq.gz.
Select jobs to execute...
Execute 2 jobs...

[Tue Feb 11 17:25:03 2025]
localrule hisat2_3n_sort:
    input: .tmp/mapping_unsorted_SE/SRR23538291_run1.genes.bam
    output: internal_files/run_sorted/SRR23538291_run1.genes.bam
    jobid: 21
    reason: Missing output files: internal_files/run_sorted/SRR23538291_run1.genes.bam; Input files updated by another job: .tmp/mapping_unsorted_SE/SRR23538291_run1.genes.bam
    wildcards: sample=SRR23538291, rn=run1, ref=genes
    threads: 4
    resources: tmpdir=/tmp


[Tue Feb 11 17:25:03 2025]
localrule extract_unmap_bam_internal_SE:
    input: .tmp/mapping_discarded_SE/SRR23538291_run1.genes.bam
    output: .tmp/unmapped_internal_SE/SRR23538291_run1_R1.genes.fq.gz
    jobid: 27
    reason: Missing output files: .tmp/unmapped_internal_SE/SRR23538291_run1_R1.genes.fq.gz; Input files updated by another job: .tmp/mapping_discarded_SE/SRR23538291_run1.genes.bam
    wildcards: sample=SRR23538291, rn=run1, reftype=genes
    threads: 4
    resources: tmpdir=/tmp

[Tue Feb 11 17:25:04 2025]
Finished job 21.
40 of 99 steps (40%) done
Removing temporary output .tmp/mapping_unsorted_SE/SRR23538291_run1.genes.bam.
Select jobs to execute...
Execute 1 jobs...

[Tue Feb 11 17:25:04 2025]
localrule combine_runs:
    input: internal_files/run_sorted/SRR23538291_run1.genes.bam
    output: .tmp/combined_mapping/SRR23538291.genes.bam
    jobid: 20
    reason: Missing output files: .tmp/combined_mapping/SRR23538291.genes.bam; Input files updated by another job: internal_files/run_sorted/SRR23538291_run1.genes.bam
    wildcards: sample=SRR23538291, ref=genes
    threads: 8
    resources: tmpdir=/tmp

[Tue Feb 11 17:25:04 2025]
Finished job 20.
41 of 99 steps (41%) done
Select jobs to execute...
Execute 1 jobs...

[Tue Feb 11 17:25:04 2025]
localrule dedup_mapping:
    input: .tmp/combined_mapping/SRR23538291.genes.bam
    output: internal_files/aligned_bam/SRR23538291.genes.bam, report_reads/dedup/SRR23538291.genes.log
    jobid: 59
    reason: Missing output files: internal_files/aligned_bam/SRR23538291.genes.bam; Input files updated by another job: .tmp/combined_mapping/SRR23538291.genes.bam
    wildcards: sample=SRR23538291, ref=genes
    threads: 3
    resources: tmpdir=/tmp

[Tue Feb 11 17:25:11 2025]
Finished job 59.
42 of 99 steps (42%) done
Select jobs to execute...
Execute 3 jobs...

[Tue Feb 11 17:25:11 2025]
localrule hisat2_3n_calling_unfiltered_unique:
    input: internal_files/aligned_bam/SRR23538291.genes.bam
    output: .tmp/unfiltered_unique/SRR23538291.genes.tsv.gz
    jobid: 58
    reason: Missing output files: .tmp/unfiltered_unique/SRR23538291.genes.tsv.gz; Input files updated by another job: internal_files/aligned_bam/SRR23538291.genes.bam
    wildcards: sample=SRR23538291, ref=genes
    threads: 5
    resources: tmpdir=/tmp


[Tue Feb 11 17:25:11 2025]
localrule hisat2_3n_filtering:
    input: internal_files/aligned_bam/SRR23538291.genes.bam
    output: .tmp/hisat_converted/SRR23538291.genes.bam
    jobid: 62
    reason: Missing output files: .tmp/hisat_converted/SRR23538291.genes.bam; Input files updated by another job: internal_files/aligned_bam/SRR23538291.genes.bam
    wildcards: sample=SRR23538291, ref=genes
    threads: 4
    resources: tmpdir=/tmp


[Tue Feb 11 17:25:11 2025]
localrule hisat2_3n_calling_unfiltered_multi:
    input: internal_files/aligned_bam/SRR23538291.genes.bam
    output: .tmp/unfiltered_multi/SRR23538291.genes.tsv.gz
    jobid: 60
    reason: Missing output files: .tmp/unfiltered_multi/SRR23538291.genes.tsv.gz; Input files updated by another job: internal_files/aligned_bam/SRR23538291.genes.bam
    wildcards: sample=SRR23538291, ref=genes
    threads: 5
    resources: tmpdir=/tmp

[Tue Feb 11 17:25:12 2025]
Finished job 62.
43 of 99 steps (43%) done
Select jobs to execute...
Execute 2 jobs...

[Tue Feb 11 17:25:12 2025]
localrule hisat2_3n_calling_filtered_multi:
    input: .tmp/hisat_converted/SRR23538291.genes.bam
    output: .tmp/filtered_multi/SRR23538291.genes.tsv.gz
    jobid: 63
    reason: Missing output files: .tmp/filtered_multi/SRR23538291.genes.tsv.gz; Input files updated by another job: .tmp/hisat_converted/SRR23538291.genes.bam
    wildcards: sample=SRR23538291, ref=genes
    threads: 5
    resources: tmpdir=/tmp


[Tue Feb 11 17:25:12 2025]
localrule hisat2_3n_calling_filtered_unqiue:
    input: .tmp/hisat_converted/SRR23538291.genes.bam
    output: .tmp/filtered_unique/SRR23538291.genes.tsv.gz
    jobid: 61
    reason: Missing output files: .tmp/filtered_unique/SRR23538291.genes.tsv.gz; Input files updated by another job: .tmp/hisat_converted/SRR23538291.genes.bam
    wildcards: sample=SRR23538291, ref=genes
    threads: 5
    resources: tmpdir=/tmp

[Tue Feb 11 17:25:17 2025]
Finished job 60.
44 of 99 steps (44%) done
[Tue Feb 11 17:25:18 2025]
Finished job 58.
45 of 99 steps (45%) done
[Tue Feb 11 17:25:19 2025]
Finished job 63.
46 of 99 steps (46%) done
[Tue Feb 11 17:25:20 2025]
Finished job 61.
47 of 99 steps (47%) done
Removing temporary output .tmp/hisat_converted/SRR23538291.genes.bam.
Select jobs to execute...
Execute 1 jobs...

[Tue Feb 11 17:25:20 2025]
localrule join_pileup:
    input: .tmp/unfiltered_unique/SRR23538291.genes.tsv.gz, .tmp/unfiltered_multi/SRR23538291.genes.tsv.gz, .tmp/filtered_unique/SRR23538291.genes.tsv.gz, .tmp/filtered_multi/SRR23538291.genes.tsv.gz
    output: internal_files/count_sites/SRR23538291.genes.arrow
    jobid: 57
    reason: Missing output files: internal_files/count_sites/SRR23538291.genes.arrow; Input files updated by another job: .tmp/unfiltered_multi/SRR23538291.genes.tsv.gz, .tmp/unfiltered_unique/SRR23538291.genes.tsv.gz, .tmp/filtered_unique/SRR23538291.genes.tsv.gz, .tmp/filtered_multi/SRR23538291.genes.tsv.gz
    wildcards: sample=SRR23538291, ref=genes
    threads: 6
    resources: tmpdir=/tmp

[Tue Feb 11 17:25:20 2025]
Finished job 57.
48 of 99 steps (48%) done
Removing temporary output .tmp/unfiltered_unique/SRR23538291.genes.tsv.gz.
Removing temporary output .tmp/unfiltered_multi/SRR23538291.genes.tsv.gz.
Removing temporary output .tmp/filtered_unique/SRR23538291.genes.tsv.gz.
Removing temporary output .tmp/filtered_multi/SRR23538291.genes.tsv.gz.
Select jobs to execute...
Execute 1 jobs...

[Tue Feb 11 17:25:20 2025]
localrule group_pileup:
    input: internal_files/count_sites/SRR23538290.genes.arrow, internal_files/count_sites/SRR23538291.genes.arrow, internal_files/count_sites/SRR23538292.genes.arrow
    output: internal_files/group_sites/DRUG.genes.arrow
    jobid: 56
    reason: Missing output files: internal_files/group_sites/DRUG.genes.arrow; Input files updated by another job: internal_files/count_sites/SRR23538290.genes.arrow, internal_files/count_sites/SRR23538292.genes.arrow, internal_files/count_sites/SRR23538291.genes.arrow
    wildcards: group=DRUG, ref=genes
    threads: 6
    resources: tmpdir=/tmp

[Tue Feb 11 17:25:20 2025]
Finished job 56.
49 of 99 steps (49%) done
Select jobs to execute...
Execute 1 jobs...

[Tue Feb 11 17:25:20 2025]
localrule combined_select_sites:
    input: internal_files/group_sites/DRUG.genes.arrow
    output: detected_sites/prefilter/genes.tsv
    jobid: 55
    reason: Missing output files: detected_sites/prefilter/genes.tsv; Input files updated by another job: internal_files/group_sites/DRUG.genes.arrow
    wildcards: ref=genes
    resources: tmpdir=/tmp

[Tue Feb 11 17:25:21 2025]
Finished job 55.
50 of 99 steps (51%) done
Select jobs to execute...
Execute 3 jobs...

[Tue Feb 11 17:25:21 2025]
localrule stat_sample_background:
    input: internal_files/count_sites/SRR23538290.genes.arrow, detected_sites/prefilter/genes.tsv
    output: detected_sites/background/SRR23538290.genes.tsv, detected_sites/filtered/SRR23538290.genes.tsv
    jobid: 47
    reason: Missing output files: detected_sites/filtered/SRR23538290.genes.tsv; Input files updated by another job: detected_sites/prefilter/genes.tsv, internal_files/count_sites/SRR23538290.genes.arrow
    wildcards: sample=SRR23538290, ref=genes
    threads: 2
    resources: tmpdir=/tmp


[Tue Feb 11 17:25:21 2025]
localrule stat_sample_background:
    input: internal_files/count_sites/SRR23538292.genes.arrow, detected_sites/prefilter/genes.tsv
    output: detected_sites/background/SRR23538292.genes.tsv, detected_sites/filtered/SRR23538292.genes.tsv
    jobid: 97
    reason: Missing output files: detected_sites/filtered/SRR23538292.genes.tsv; Input files updated by another job: detected_sites/prefilter/genes.tsv, internal_files/count_sites/SRR23538292.genes.arrow
    wildcards: sample=SRR23538292, ref=genes
    threads: 2
    resources: tmpdir=/tmp


[Tue Feb 11 17:25:21 2025]
localrule stat_sample_background:
    input: internal_files/count_sites/SRR23538291.genes.arrow, detected_sites/prefilter/genes.tsv
    output: detected_sites/background/SRR23538291.genes.tsv, detected_sites/filtered/SRR23538291.genes.tsv
    jobid: 95
    reason: Missing output files: detected_sites/filtered/SRR23538291.genes.tsv; Input files updated by another job: detected_sites/prefilter/genes.tsv, internal_files/count_sites/SRR23538291.genes.arrow
    wildcards: sample=SRR23538291, ref=genes
    threads: 2
    resources: tmpdir=/tmp

[Tue Feb 11 17:25:21 2025]
Finished job 47.
51 of 99 steps (52%) done
[Tue Feb 11 17:25:21 2025]
Finished job 95.
52 of 99 steps (53%) done
[Tue Feb 11 17:25:22 2025]
Finished job 97.
53 of 99 steps (54%) done
[Tue Feb 11 17:26:18 2025]
Finished job 27.
54 of 99 steps (55%) done
Removing temporary output .tmp/mapping_discarded_SE/SRR23538291_run1.genes.bam.
Select jobs to execute...
Execute 1 jobs...

[Tue Feb 11 17:26:19 2025]
localrule hisat2_3n_mapping_genome_SE:
    input: .tmp/unmapped_internal_SE/SRR23538291_run1_R1.genes.fq.gz
    output: .tmp/mapping_unsorted_SE/SRR23538291_run1.genome.bam, .tmp/mapping_discarded_SE/SRR23538291_run1.genome.bam, report_reads/mapping/SRR23538291_run1.genome.summary
    jobid: 26
    reason: Missing output files: .tmp/mapping_unsorted_SE/SRR23538291_run1.genome.bam, .tmp/mapping_discarded_SE/SRR23538291_run1.genome.bam; Input files updated by another job: .tmp/unmapped_internal_SE/SRR23538291_run1_R1.genes.fq.gz
    wildcards: sample=SRR23538291, rn=run1
    threads: 28
    resources: tmpdir=/tmp

[Tue Feb 11 17:28:11 2025]
Finished job 13.
55 of 99 steps (56%) done
Removing temporary output .tmp/unmapped_internal_SE/SRR23538290_run1_R1.genes.fq.gz.
Select jobs to execute...
Execute 2 jobs...

[Tue Feb 11 17:28:11 2025]
localrule hisat2_3n_sort:
    input: .tmp/mapping_unsorted_SE/SRR23538290_run1.genome.bam
    output: internal_files/run_sorted/SRR23538290_run1.genome.bam
    jobid: 12
    reason: Missing output files: internal_files/run_sorted/SRR23538290_run1.genome.bam; Input files updated by another job: .tmp/mapping_unsorted_SE/SRR23538290_run1.genome.bam
    wildcards: sample=SRR23538290, rn=run1, ref=genome
    threads: 4
    resources: tmpdir=/tmp


[Tue Feb 11 17:28:11 2025]
localrule extract_unmap_bam_internal_SE:
    input: .tmp/mapping_discarded_SE/SRR23538290_run1.genome.bam
    output: .tmp/unmapped_internal_SE/SRR23538290_run1_R1.genome.fq.gz
    jobid: 42
    reason: Missing output files: .tmp/unmapped_internal_SE/SRR23538290_run1_R1.genome.fq.gz; Input files updated by another job: .tmp/mapping_discarded_SE/SRR23538290_run1.genome.bam
    wildcards: sample=SRR23538290, rn=run1, reftype=genome
    threads: 4
    resources: tmpdir=/tmp

[Tue Feb 11 17:28:15 2025]
Finished job 42.
56 of 99 steps (57%) done
Removing temporary output .tmp/mapping_discarded_SE/SRR23538290_run1.genome.bam.
Select jobs to execute...
Execute 1 jobs...

[Tue Feb 11 17:28:15 2025]
localrule extract_unmap_bam_final_SE:
    input: .tmp/unmapped_internal_SE/SRR23538290_run1_R1.genome.fq.gz
    output: internal_files/discarded_reads/SRR23538290_run1_R1.unmapped.fq.gz
    jobid: 41
    reason: Missing output files: internal_files/discarded_reads/SRR23538290_run1_R1.unmapped.fq.gz; Input files updated by another job: .tmp/unmapped_internal_SE/SRR23538290_run1_R1.genome.fq.gz
    wildcards: sample=SRR23538290, rn=run1
    resources: tmpdir=/tmp

[Tue Feb 11 17:28:15 2025]
Finished job 41.
57 of 99 steps (58%) done
Removing temporary output .tmp/unmapped_internal_SE/SRR23538290_run1_R1.genome.fq.gz.
[Tue Feb 11 17:32:39 2025]
Finished job 39.
58 of 99 steps (59%) done
Removing temporary output .tmp/unmapped_internal_SE/SRR23538292_run1_R1.genes.fq.gz.
Select jobs to execute...
Execute 2 jobs...

[Tue Feb 11 17:32:39 2025]
localrule hisat2_3n_sort:
    input: .tmp/mapping_unsorted_SE/SRR23538292_run1.genome.bam
    output: internal_files/run_sorted/SRR23538292_run1.genome.bam
    jobid: 38
    reason: Missing output files: internal_files/run_sorted/SRR23538292_run1.genome.bam; Input files updated by another job: .tmp/mapping_unsorted_SE/SRR23538292_run1.genome.bam
    wildcards: sample=SRR23538292, rn=run1, ref=genome
    threads: 4
    resources: tmpdir=/tmp


[Tue Feb 11 17:32:39 2025]
localrule extract_unmap_bam_internal_SE:
    input: .tmp/mapping_discarded_SE/SRR23538292_run1.genome.bam
    output: .tmp/unmapped_internal_SE/SRR23538292_run1_R1.genome.fq.gz
    jobid: 46
    reason: Missing output files: .tmp/unmapped_internal_SE/SRR23538292_run1_R1.genome.fq.gz; Input files updated by another job: .tmp/mapping_discarded_SE/SRR23538292_run1.genome.bam
    wildcards: sample=SRR23538292, rn=run1, reftype=genome
    threads: 4
    resources: tmpdir=/tmp

[Tue Feb 11 17:32:44 2025]
Finished job 46.
59 of 99 steps (60%) done
Removing temporary output .tmp/mapping_discarded_SE/SRR23538292_run1.genome.bam.
Select jobs to execute...
Execute 1 jobs...

[Tue Feb 11 17:32:44 2025]
localrule extract_unmap_bam_final_SE:
    input: .tmp/unmapped_internal_SE/SRR23538292_run1_R1.genome.fq.gz
    output: internal_files/discarded_reads/SRR23538292_run1_R1.unmapped.fq.gz
    jobid: 45
    reason: Missing output files: internal_files/discarded_reads/SRR23538292_run1_R1.unmapped.fq.gz; Input files updated by another job: .tmp/unmapped_internal_SE/SRR23538292_run1_R1.genome.fq.gz
    wildcards: sample=SRR23538292, rn=run1
    resources: tmpdir=/tmp

[Tue Feb 11 17:32:44 2025]
Finished job 45.
60 of 99 steps (61%) done
Removing temporary output .tmp/unmapped_internal_SE/SRR23538292_run1_R1.genome.fq.gz.
[Tue Feb 11 17:33:44 2025]
Finished job 12.
61 of 99 steps (62%) done
Removing temporary output .tmp/mapping_unsorted_SE/SRR23538290_run1.genome.bam.
Select jobs to execute...
Execute 1 jobs...

[Tue Feb 11 17:33:45 2025]
localrule combine_runs:
    input: internal_files/run_sorted/SRR23538290_run1.genome.bam
    output: .tmp/combined_mapping/SRR23538290.genome.bam
    jobid: 11
    reason: Missing output files: .tmp/combined_mapping/SRR23538290.genome.bam; Input files updated by another job: internal_files/run_sorted/SRR23538290_run1.genome.bam
    wildcards: sample=SRR23538290, ref=genome
    threads: 8
    resources: tmpdir=/tmp

[Tue Feb 11 17:36:01 2025]
Finished job 11.
62 of 99 steps (63%) done
Select jobs to execute...
Execute 2 jobs...

[Tue Feb 11 17:36:01 2025]
localrule stat_mapping_number:
    input: .tmp/combined_mapping/SRR23538290.contamination.bam, .tmp/combined_mapping/SRR23538290.genes.bam, .tmp/combined_mapping/SRR23538290.genome.bam
    output: report_reads/mapped/SRR23538290.tsv
    jobid: 1
    reason: Missing output files: report_reads/mapped/SRR23538290.tsv; Input files updated by another job: .tmp/combined_mapping/SRR23538290.contamination.bam, .tmp/combined_mapping/SRR23538290.genome.bam, .tmp/combined_mapping/SRR23538290.genes.bam
    wildcards: sample=SRR23538290
    threads: 4
    resources: tmpdir=/tmp


[Tue Feb 11 17:36:01 2025]
localrule dedup_mapping:
    input: .tmp/combined_mapping/SRR23538290.genome.bam
    output: internal_files/aligned_bam/SRR23538290.genome.bam, report_reads/dedup/SRR23538290.genome.log
    jobid: 74
    reason: Missing output files: internal_files/aligned_bam/SRR23538290.genome.bam; Input files updated by another job: .tmp/combined_mapping/SRR23538290.genome.bam
    wildcards: sample=SRR23538290, ref=genome
    threads: 3
    resources: tmpdir=/tmp

[Tue Feb 11 17:36:26 2025]
Finished job 1.
63 of 99 steps (64%) done
Removing temporary output .tmp/combined_mapping/SRR23538290.contamination.bam.
Removing temporary output .tmp/combined_mapping/SRR23538290.genes.bam.
[Tue Feb 11 17:37:28 2025]
Finished job 26.
64 of 99 steps (65%) done
Removing temporary output .tmp/unmapped_internal_SE/SRR23538291_run1_R1.genes.fq.gz.
Select jobs to execute...
Execute 2 jobs...

[Tue Feb 11 17:37:28 2025]
localrule hisat2_3n_sort:
    input: .tmp/mapping_unsorted_SE/SRR23538291_run1.genome.bam
    output: internal_files/run_sorted/SRR23538291_run1.genome.bam
    jobid: 25
    reason: Missing output files: internal_files/run_sorted/SRR23538291_run1.genome.bam; Input files updated by another job: .tmp/mapping_unsorted_SE/SRR23538291_run1.genome.bam
    wildcards: sample=SRR23538291, rn=run1, ref=genome
    threads: 4
    resources: tmpdir=/tmp


[Tue Feb 11 17:37:28 2025]
localrule extract_unmap_bam_internal_SE:
    input: .tmp/mapping_discarded_SE/SRR23538291_run1.genome.bam
    output: .tmp/unmapped_internal_SE/SRR23538291_run1_R1.genome.fq.gz
    jobid: 44
    reason: Missing output files: .tmp/unmapped_internal_SE/SRR23538291_run1_R1.genome.fq.gz; Input files updated by another job: .tmp/mapping_discarded_SE/SRR23538291_run1.genome.bam
    wildcards: sample=SRR23538291, rn=run1, reftype=genome
    threads: 4
    resources: tmpdir=/tmp

[Tue Feb 11 17:37:34 2025]
Finished job 44.
65 of 99 steps (66%) done
Removing temporary output .tmp/mapping_discarded_SE/SRR23538291_run1.genome.bam.
Select jobs to execute...
Execute 1 jobs...

[Tue Feb 11 17:37:34 2025]
localrule extract_unmap_bam_final_SE:
    input: .tmp/unmapped_internal_SE/SRR23538291_run1_R1.genome.fq.gz
    output: internal_files/discarded_reads/SRR23538291_run1_R1.unmapped.fq.gz
    jobid: 43
    reason: Missing output files: internal_files/discarded_reads/SRR23538291_run1_R1.unmapped.fq.gz; Input files updated by another job: .tmp/unmapped_internal_SE/SRR23538291_run1_R1.genome.fq.gz
    wildcards: sample=SRR23538291, rn=run1
    resources: tmpdir=/tmp

[Tue Feb 11 17:37:34 2025]
Finished job 43.
66 of 99 steps (67%) done
Removing temporary output .tmp/unmapped_internal_SE/SRR23538291_run1_R1.genome.fq.gz.
[Tue Feb 11 17:39:26 2025]
Finished job 38.
67 of 99 steps (68%) done
Removing temporary output .tmp/mapping_unsorted_SE/SRR23538292_run1.genome.bam.
Select jobs to execute...
Execute 1 jobs...

[Tue Feb 11 17:39:27 2025]
localrule combine_runs:
    input: internal_files/run_sorted/SRR23538292_run1.genome.bam
    output: .tmp/combined_mapping/SRR23538292.genome.bam
    jobid: 37
    reason: Missing output files: .tmp/combined_mapping/SRR23538292.genome.bam; Input files updated by another job: internal_files/run_sorted/SRR23538292_run1.genome.bam
    wildcards: sample=SRR23538292, ref=genome
    threads: 8
    resources: tmpdir=/tmp

[Tue Feb 11 17:42:20 2025]
Finished job 37.
68 of 99 steps (69%) done
Select jobs to execute...
Execute 2 jobs...

[Tue Feb 11 17:42:20 2025]
localrule dedup_mapping:
    input: .tmp/combined_mapping/SRR23538292.genome.bam
    output: internal_files/aligned_bam/SRR23538292.genome.bam, report_reads/dedup/SRR23538292.genome.log
    jobid: 90
    reason: Missing output files: internal_files/aligned_bam/SRR23538292.genome.bam; Input files updated by another job: .tmp/combined_mapping/SRR23538292.genome.bam
    wildcards: sample=SRR23538292, ref=genome
    threads: 3
    resources: tmpdir=/tmp


[Tue Feb 11 17:42:20 2025]
localrule stat_mapping_number:
    input: .tmp/combined_mapping/SRR23538292.contamination.bam, .tmp/combined_mapping/SRR23538292.genes.bam, .tmp/combined_mapping/SRR23538292.genome.bam
    output: report_reads/mapped/SRR23538292.tsv
    jobid: 28
    reason: Missing output files: report_reads/mapped/SRR23538292.tsv; Input files updated by another job: .tmp/combined_mapping/SRR23538292.genome.bam, .tmp/combined_mapping/SRR23538292.contamination.bam, .tmp/combined_mapping/SRR23538292.genes.bam
    wildcards: sample=SRR23538292
    threads: 4
    resources: tmpdir=/tmp

[Tue Feb 11 17:42:52 2025]
Finished job 28.
69 of 99 steps (70%) done
Removing temporary output .tmp/combined_mapping/SRR23538292.contamination.bam.
Removing temporary output .tmp/combined_mapping/SRR23538292.genes.bam.
[Tue Feb 11 17:44:44 2025]
Finished job 25.
70 of 99 steps (71%) done
Removing temporary output .tmp/mapping_unsorted_SE/SRR23538291_run1.genome.bam.
Select jobs to execute...
Execute 1 jobs...

[Tue Feb 11 17:44:45 2025]
localrule combine_runs:
    input: internal_files/run_sorted/SRR23538291_run1.genome.bam
    output: .tmp/combined_mapping/SRR23538291.genome.bam
    jobid: 24
    reason: Missing output files: .tmp/combined_mapping/SRR23538291.genome.bam; Input files updated by another job: internal_files/run_sorted/SRR23538291_run1.genome.bam
    wildcards: sample=SRR23538291, ref=genome
    threads: 8
    resources: tmpdir=/tmp

[Tue Feb 11 17:47:59 2025]
Finished job 24.
71 of 99 steps (72%) done
Select jobs to execute...
Execute 2 jobs...

[Tue Feb 11 17:47:59 2025]
localrule dedup_mapping:
    input: .tmp/combined_mapping/SRR23538291.genome.bam
    output: internal_files/aligned_bam/SRR23538291.genome.bam, report_reads/dedup/SRR23538291.genome.log
    jobid: 83
    reason: Missing output files: internal_files/aligned_bam/SRR23538291.genome.bam; Input files updated by another job: .tmp/combined_mapping/SRR23538291.genome.bam
    wildcards: sample=SRR23538291, ref=genome
    threads: 3
    resources: tmpdir=/tmp


[Tue Feb 11 17:47:59 2025]
localrule stat_mapping_number:
    input: .tmp/combined_mapping/SRR23538291.contamination.bam, .tmp/combined_mapping/SRR23538291.genes.bam, .tmp/combined_mapping/SRR23538291.genome.bam
    output: report_reads/mapped/SRR23538291.tsv
    jobid: 15
    reason: Missing output files: report_reads/mapped/SRR23538291.tsv; Input files updated by another job: .tmp/combined_mapping/SRR23538291.contamination.bam, .tmp/combined_mapping/SRR23538291.genome.bam, .tmp/combined_mapping/SRR23538291.genes.bam
    wildcards: sample=SRR23538291
    threads: 4
    resources: tmpdir=/tmp

[Tue Feb 11 17:48:36 2025]
Finished job 15.
72 of 99 steps (73%) done
Removing temporary output .tmp/combined_mapping/SRR23538291.contamination.bam.
Removing temporary output .tmp/combined_mapping/SRR23538291.genes.bam.
[Tue Feb 11 17:58:13 2025]
Finished job 74.
73 of 99 steps (74%) done
Removing temporary output .tmp/combined_mapping/SRR23538290.genome.bam.
Select jobs to execute...
Execute 3 jobs...

[Tue Feb 11 17:58:14 2025]
localrule hisat2_3n_calling_unfiltered_multi:
    input: internal_files/aligned_bam/SRR23538290.genome.bam
    output: .tmp/unfiltered_multi/SRR23538290.genome.tsv.gz
    jobid: 75
    reason: Missing output files: .tmp/unfiltered_multi/SRR23538290.genome.tsv.gz; Input files updated by another job: internal_files/aligned_bam/SRR23538290.genome.bam
    wildcards: sample=SRR23538290, ref=genome
    threads: 5
    resources: tmpdir=/tmp


[Tue Feb 11 17:58:14 2025]
localrule hisat2_3n_filtering:
    input: internal_files/aligned_bam/SRR23538290.genome.bam
    output: .tmp/hisat_converted/SRR23538290.genome.bam
    jobid: 77
    reason: Missing output files: .tmp/hisat_converted/SRR23538290.genome.bam; Input files updated by another job: internal_files/aligned_bam/SRR23538290.genome.bam
    wildcards: sample=SRR23538290, ref=genome
    threads: 4
    resources: tmpdir=/tmp


[Tue Feb 11 17:58:14 2025]
localrule hisat2_3n_calling_unfiltered_unique:
    input: internal_files/aligned_bam/SRR23538290.genome.bam
    output: .tmp/unfiltered_unique/SRR23538290.genome.tsv.gz
    jobid: 73
    reason: Missing output files: .tmp/unfiltered_unique/SRR23538290.genome.tsv.gz; Input files updated by another job: internal_files/aligned_bam/SRR23538290.genome.bam
    wildcards: sample=SRR23538290, ref=genome
    threads: 5
    resources: tmpdir=/tmp

[Tue Feb 11 18:01:03 2025]
Finished job 77.
74 of 99 steps (75%) done
Select jobs to execute...
Execute 2 jobs...

[Tue Feb 11 18:01:03 2025]
localrule hisat2_3n_calling_filtered_unqiue:
    input: .tmp/hisat_converted/SRR23538290.genome.bam
    output: .tmp/filtered_unique/SRR23538290.genome.tsv.gz
    jobid: 76
    reason: Missing output files: .tmp/filtered_unique/SRR23538290.genome.tsv.gz; Input files updated by another job: .tmp/hisat_converted/SRR23538290.genome.bam
    wildcards: sample=SRR23538290, ref=genome
    threads: 5
    resources: tmpdir=/tmp


[Tue Feb 11 18:01:03 2025]
localrule hisat2_3n_calling_filtered_multi:
    input: .tmp/hisat_converted/SRR23538290.genome.bam
    output: .tmp/filtered_multi/SRR23538290.genome.tsv.gz
    jobid: 78
    reason: Missing output files: .tmp/filtered_multi/SRR23538290.genome.tsv.gz; Input files updated by another job: .tmp/hisat_converted/SRR23538290.genome.bam
    wildcards: sample=SRR23538290, ref=genome
    threads: 5
    resources: tmpdir=/tmp

[Tue Feb 11 18:10:54 2025]
Finished job 90.
75 of 99 steps (76%) done
Removing temporary output .tmp/combined_mapping/SRR23538292.genome.bam.
Select jobs to execute...
Execute 3 jobs...

[Tue Feb 11 18:10:55 2025]
localrule hisat2_3n_filtering:
    input: internal_files/aligned_bam/SRR23538292.genome.bam
    output: .tmp/hisat_converted/SRR23538292.genome.bam
    jobid: 93
    reason: Missing output files: .tmp/hisat_converted/SRR23538292.genome.bam; Input files updated by another job: internal_files/aligned_bam/SRR23538292.genome.bam
    wildcards: sample=SRR23538292, ref=genome
    threads: 4
    resources: tmpdir=/tmp


[Tue Feb 11 18:10:55 2025]
localrule hisat2_3n_calling_unfiltered_unique:
    input: internal_files/aligned_bam/SRR23538292.genome.bam
    output: .tmp/unfiltered_unique/SRR23538292.genome.tsv.gz
    jobid: 89
    reason: Missing output files: .tmp/unfiltered_unique/SRR23538292.genome.tsv.gz; Input files updated by another job: internal_files/aligned_bam/SRR23538292.genome.bam
    wildcards: sample=SRR23538292, ref=genome
    threads: 5
    resources: tmpdir=/tmp


[Tue Feb 11 18:10:55 2025]
localrule hisat2_3n_calling_unfiltered_multi:
    input: internal_files/aligned_bam/SRR23538292.genome.bam
    output: .tmp/unfiltered_multi/SRR23538292.genome.tsv.gz
    jobid: 91
    reason: Missing output files: .tmp/unfiltered_multi/SRR23538292.genome.tsv.gz; Input files updated by another job: internal_files/aligned_bam/SRR23538292.genome.bam
    wildcards: sample=SRR23538292, ref=genome
    threads: 5
    resources: tmpdir=/tmp

[Tue Feb 11 18:14:27 2025]
Finished job 93.
76 of 99 steps (77%) done
Select jobs to execute...
Execute 2 jobs...

[Tue Feb 11 18:14:27 2025]
localrule hisat2_3n_calling_filtered_unqiue:
    input: .tmp/hisat_converted/SRR23538292.genome.bam
    output: .tmp/filtered_unique/SRR23538292.genome.tsv.gz
    jobid: 92
    reason: Missing output files: .tmp/filtered_unique/SRR23538292.genome.tsv.gz; Input files updated by another job: .tmp/hisat_converted/SRR23538292.genome.bam
    wildcards: sample=SRR23538292, ref=genome
    threads: 5
    resources: tmpdir=/tmp


[Tue Feb 11 18:14:27 2025]
localrule hisat2_3n_calling_filtered_multi:
    input: .tmp/hisat_converted/SRR23538292.genome.bam
    output: .tmp/filtered_multi/SRR23538292.genome.tsv.gz
    jobid: 94
    reason: Missing output files: .tmp/filtered_multi/SRR23538292.genome.tsv.gz; Input files updated by another job: .tmp/hisat_converted/SRR23538292.genome.bam
    wildcards: sample=SRR23538292, ref=genome
    threads: 5
    resources: tmpdir=/tmp

[Tue Feb 11 18:19:45 2025]
Finished job 83.
77 of 99 steps (78%) done
Removing temporary output .tmp/combined_mapping/SRR23538291.genome.bam.
Select jobs to execute...
Execute 3 jobs...

[Tue Feb 11 18:19:46 2025]
localrule hisat2_3n_calling_unfiltered_unique:
    input: internal_files/aligned_bam/SRR23538291.genome.bam
    output: .tmp/unfiltered_unique/SRR23538291.genome.tsv.gz
    jobid: 82
    reason: Missing output files: .tmp/unfiltered_unique/SRR23538291.genome.tsv.gz; Input files updated by another job: internal_files/aligned_bam/SRR23538291.genome.bam
    wildcards: sample=SRR23538291, ref=genome
    threads: 5
    resources: tmpdir=/tmp


[Tue Feb 11 18:19:46 2025]
localrule hisat2_3n_calling_unfiltered_multi:
    input: internal_files/aligned_bam/SRR23538291.genome.bam
    output: .tmp/unfiltered_multi/SRR23538291.genome.tsv.gz
    jobid: 84
    reason: Missing output files: .tmp/unfiltered_multi/SRR23538291.genome.tsv.gz; Input files updated by another job: internal_files/aligned_bam/SRR23538291.genome.bam
    wildcards: sample=SRR23538291, ref=genome
    threads: 5
    resources: tmpdir=/tmp


[Tue Feb 11 18:19:46 2025]
localrule hisat2_3n_filtering:
    input: internal_files/aligned_bam/SRR23538291.genome.bam
    output: .tmp/hisat_converted/SRR23538291.genome.bam
    jobid: 86
    reason: Missing output files: .tmp/hisat_converted/SRR23538291.genome.bam; Input files updated by another job: internal_files/aligned_bam/SRR23538291.genome.bam
    wildcards: sample=SRR23538291, ref=genome
    threads: 4
    resources: tmpdir=/tmp

[Tue Feb 11 18:23:44 2025]
Finished job 86.
78 of 99 steps (79%) done
Select jobs to execute...
Execute 2 jobs...

[Tue Feb 11 18:23:44 2025]
localrule hisat2_3n_calling_filtered_unqiue:
    input: .tmp/hisat_converted/SRR23538291.genome.bam
    output: .tmp/filtered_unique/SRR23538291.genome.tsv.gz
    jobid: 85
    reason: Missing output files: .tmp/filtered_unique/SRR23538291.genome.tsv.gz; Input files updated by another job: .tmp/hisat_converted/SRR23538291.genome.bam
    wildcards: sample=SRR23538291, ref=genome
    threads: 5
    resources: tmpdir=/tmp


[Tue Feb 11 18:23:44 2025]
localrule hisat2_3n_calling_filtered_multi:
    input: .tmp/hisat_converted/SRR23538291.genome.bam
    output: .tmp/filtered_multi/SRR23538291.genome.tsv.gz
    jobid: 87
    reason: Missing output files: .tmp/filtered_multi/SRR23538291.genome.tsv.gz; Input files updated by another job: .tmp/hisat_converted/SRR23538291.genome.bam
    wildcards: sample=SRR23538291, ref=genome
    threads: 5
    resources: tmpdir=/tmp

[Tue Feb 11 18:41:55 2025]
Finished job 73.
79 of 99 steps (80%) done
[Tue Feb 11 18:42:22 2025]
Finished job 75.
80 of 99 steps (81%) done
[Tue Feb 11 18:45:12 2025]
Finished job 76.
81 of 99 steps (82%) done
[Tue Feb 11 18:45:50 2025]
Finished job 78.
82 of 99 steps (83%) done
Removing temporary output .tmp/hisat_converted/SRR23538290.genome.bam.
Select jobs to execute...
Execute 1 jobs...

[Tue Feb 11 18:45:51 2025]
localrule join_pileup:
    input: .tmp/unfiltered_unique/SRR23538290.genome.tsv.gz, .tmp/unfiltered_multi/SRR23538290.genome.tsv.gz, .tmp/filtered_unique/SRR23538290.genome.tsv.gz, .tmp/filtered_multi/SRR23538290.genome.tsv.gz
    output: internal_files/count_sites/SRR23538290.genome.arrow
    jobid: 72
    reason: Missing output files: internal_files/count_sites/SRR23538290.genome.arrow; Input files updated by another job: .tmp/unfiltered_multi/SRR23538290.genome.tsv.gz, .tmp/unfiltered_unique/SRR23538290.genome.tsv.gz, .tmp/filtered_multi/SRR23538290.genome.tsv.gz, .tmp/filtered_unique/SRR23538290.genome.tsv.gz
    wildcards: sample=SRR23538290, ref=genome
    threads: 6
    resources: tmpdir=/tmp

[Tue Feb 11 18:48:21 2025]
Finished job 72.
83 of 99 steps (84%) done
Removing temporary output .tmp/unfiltered_unique/SRR23538290.genome.tsv.gz.
Removing temporary output .tmp/unfiltered_multi/SRR23538290.genome.tsv.gz.
Removing temporary output .tmp/filtered_unique/SRR23538290.genome.tsv.gz.
Removing temporary output .tmp/filtered_multi/SRR23538290.genome.tsv.gz.
[Tue Feb 11 19:03:16 2025]
Finished job 89.
84 of 99 steps (85%) done
[Tue Feb 11 19:04:20 2025]
Finished job 91.
85 of 99 steps (86%) done
[Tue Feb 11 19:07:21 2025]
Finished job 92.
86 of 99 steps (87%) done
[Tue Feb 11 19:08:30 2025]
Finished job 94.
87 of 99 steps (88%) done
Removing temporary output .tmp/hisat_converted/SRR23538292.genome.bam.
Select jobs to execute...
Execute 1 jobs...

[Tue Feb 11 19:08:30 2025]
localrule join_pileup:
    input: .tmp/unfiltered_unique/SRR23538292.genome.tsv.gz, .tmp/unfiltered_multi/SRR23538292.genome.tsv.gz, .tmp/filtered_unique/SRR23538292.genome.tsv.gz, .tmp/filtered_multi/SRR23538292.genome.tsv.gz
    output: internal_files/count_sites/SRR23538292.genome.arrow
    jobid: 88
    reason: Missing output files: internal_files/count_sites/SRR23538292.genome.arrow; Input files updated by another job: .tmp/filtered_multi/SRR23538292.genome.tsv.gz, .tmp/filtered_unique/SRR23538292.genome.tsv.gz, .tmp/unfiltered_unique/SRR23538292.genome.tsv.gz, .tmp/unfiltered_multi/SRR23538292.genome.tsv.gz
    wildcards: sample=SRR23538292, ref=genome
    threads: 6
    resources: tmpdir=/tmp

[Tue Feb 11 19:11:24 2025]
Finished job 88.
88 of 99 steps (89%) done
Removing temporary output .tmp/unfiltered_unique/SRR23538292.genome.tsv.gz.
Removing temporary output .tmp/unfiltered_multi/SRR23538292.genome.tsv.gz.
Removing temporary output .tmp/filtered_unique/SRR23538292.genome.tsv.gz.
Removing temporary output .tmp/filtered_multi/SRR23538292.genome.tsv.gz.
[Tue Feb 11 19:16:55 2025]
Finished job 82.
89 of 99 steps (90%) done
[Tue Feb 11 19:18:06 2025]
Finished job 84.
90 of 99 steps (91%) done
[Tue Feb 11 19:20:27 2025]
Finished job 85.
91 of 99 steps (92%) done
[Tue Feb 11 19:21:45 2025]
Finished job 87.
92 of 99 steps (93%) done
Removing temporary output .tmp/hisat_converted/SRR23538291.genome.bam.
Select jobs to execute...
Execute 1 jobs...

[Tue Feb 11 19:21:46 2025]
localrule join_pileup:
    input: .tmp/unfiltered_unique/SRR23538291.genome.tsv.gz, .tmp/unfiltered_multi/SRR23538291.genome.tsv.gz, .tmp/filtered_unique/SRR23538291.genome.tsv.gz, .tmp/filtered_multi/SRR23538291.genome.tsv.gz
    output: internal_files/count_sites/SRR23538291.genome.arrow
    jobid: 81
    reason: Missing output files: internal_files/count_sites/SRR23538291.genome.arrow; Input files updated by another job: .tmp/unfiltered_unique/SRR23538291.genome.tsv.gz, .tmp/filtered_multi/SRR23538291.genome.tsv.gz, .tmp/filtered_unique/SRR23538291.genome.tsv.gz, .tmp/unfiltered_multi/SRR23538291.genome.tsv.gz
    wildcards: sample=SRR23538291, ref=genome
    threads: 6
    resources: tmpdir=/tmp

[Tue Feb 11 19:24:49 2025]
Finished job 81.
93 of 99 steps (94%) done
Removing temporary output .tmp/unfiltered_unique/SRR23538291.genome.tsv.gz.
Removing temporary output .tmp/unfiltered_multi/SRR23538291.genome.tsv.gz.
Removing temporary output .tmp/filtered_unique/SRR23538291.genome.tsv.gz.
Removing temporary output .tmp/filtered_multi/SRR23538291.genome.tsv.gz.
Select jobs to execute...
Execute 1 jobs...

[Tue Feb 11 19:24:49 2025]
localrule group_pileup:
    input: internal_files/count_sites/SRR23538290.genome.arrow, internal_files/count_sites/SRR23538291.genome.arrow, internal_files/count_sites/SRR23538292.genome.arrow
    output: internal_files/group_sites/DRUG.genome.arrow
    jobid: 80
    reason: Missing output files: internal_files/group_sites/DRUG.genome.arrow; Input files updated by another job: internal_files/count_sites/SRR23538292.genome.arrow, internal_files/count_sites/SRR23538290.genome.arrow, internal_files/count_sites/SRR23538291.genome.arrow
    wildcards: group=DRUG, ref=genome
    threads: 6
    resources: tmpdir=/tmp

[Tue Feb 11 19:29:55 2025]
Finished job 80.
94 of 99 steps (95%) done
Select jobs to execute...
Execute 1 jobs...

[Tue Feb 11 19:29:55 2025]
localrule combined_select_sites:
    input: internal_files/group_sites/DRUG.genome.arrow
    output: detected_sites/prefilter/genome.tsv
    jobid: 79
    reason: Missing output files: detected_sites/prefilter/genome.tsv; Input files updated by another job: internal_files/group_sites/DRUG.genome.arrow
    wildcards: ref=genome
    resources: tmpdir=/tmp

[Tue Feb 11 19:30:33 2025]
Finished job 79.
95 of 99 steps (96%) done
Select jobs to execute...
Execute 3 jobs...

[Tue Feb 11 19:30:33 2025]
localrule stat_sample_background:
    input: internal_files/count_sites/SRR23538291.genome.arrow, detected_sites/prefilter/genome.tsv
    output: detected_sites/background/SRR23538291.genome.tsv, detected_sites/filtered/SRR23538291.genome.tsv
    jobid: 96
    reason: Missing output files: detected_sites/filtered/SRR23538291.genome.tsv; Input files updated by another job: detected_sites/prefilter/genome.tsv, internal_files/count_sites/SRR23538291.genome.arrow
    wildcards: sample=SRR23538291, ref=genome
    threads: 2
    resources: tmpdir=/tmp


[Tue Feb 11 19:30:33 2025]
localrule stat_sample_background:
    input: internal_files/count_sites/SRR23538292.genome.arrow, detected_sites/prefilter/genome.tsv
    output: detected_sites/background/SRR23538292.genome.tsv, detected_sites/filtered/SRR23538292.genome.tsv
    jobid: 98
    reason: Missing output files: detected_sites/filtered/SRR23538292.genome.tsv; Input files updated by another job: internal_files/count_sites/SRR23538292.genome.arrow, detected_sites/prefilter/genome.tsv
    wildcards: sample=SRR23538292, ref=genome
    threads: 2
    resources: tmpdir=/tmp


[Tue Feb 11 19:30:33 2025]
localrule stat_sample_background:
    input: internal_files/count_sites/SRR23538290.genome.arrow, detected_sites/prefilter/genome.tsv
    output: detected_sites/background/SRR23538290.genome.tsv, detected_sites/filtered/SRR23538290.genome.tsv
    jobid: 71
    reason: Missing output files: detected_sites/filtered/SRR23538290.genome.tsv; Input files updated by another job: detected_sites/prefilter/genome.tsv, internal_files/count_sites/SRR23538290.genome.arrow
    wildcards: sample=SRR23538290, ref=genome
    threads: 2
    resources: tmpdir=/tmp

[Tue Feb 11 19:31:01 2025]
Finished job 71.
96 of 99 steps (97%) done
[Tue Feb 11 19:31:06 2025]
Finished job 98.
97 of 99 steps (98%) done
[Tue Feb 11 19:31:07 2025]
Finished job 96.
98 of 99 steps (99%) done
Select jobs to execute...
Execute 1 jobs...

[Tue Feb 11 19:31:07 2025]
localrule all:
    input: report_reads/mapped/SRR23538290.tsv, report_reads/mapped/SRR23538291.tsv, report_reads/mapped/SRR23538292.tsv, internal_files/discarded_reads/SRR23538290_run1_R1.unmapped.fq.gz, internal_files/discarded_reads/SRR23538291_run1_R1.unmapped.fq.gz, internal_files/discarded_reads/SRR23538292_run1_R1.unmapped.fq.gz, detected_sites/filtered/SRR23538290.genes.tsv, detected_sites/filtered/SRR23538290.genome.tsv, detected_sites/filtered/SRR23538291.genes.tsv, detected_sites/filtered/SRR23538291.genome.tsv, detected_sites/filtered/SRR23538292.genes.tsv, detected_sites/filtered/SRR23538292.genome.tsv
    jobid: 0
    reason: Input files updated by another job: detected_sites/filtered/SRR23538290.genome.tsv, internal_files/discarded_reads/SRR23538290_run1_R1.unmapped.fq.gz, detected_sites/filtered/SRR23538291.genes.tsv, internal_files/discarded_reads/SRR23538292_run1_R1.unmapped.fq.gz, report_reads/mapped/SRR23538290.tsv, report_reads/mapped/SRR23538291.tsv, detected_sites/filtered/SRR23538292.genes.tsv, report_reads/mapped/SRR23538292.tsv, internal_files/discarded_reads/SRR23538291_run1_R1.unmapped.fq.gz, detected_sites/filtered/SRR23538292.genome.tsv, detected_sites/filtered/SRR23538290.genes.tsv, detected_sites/filtered/SRR23538291.genome.tsv
    resources: tmpdir=/tmp

[Tue Feb 11 19:31:07 2025]
Finished job 0.
99 of 99 steps (100%) done
Complete log: .snakemake/log/2025-02-11T170140.283943.snakemake.log
